#
# There is insufficient memory for the Java Runtime Environment to continue.
# Native memory allocation (malloc) failed to allocate 1579440 bytes for Chunk::new
# Possible reasons:
#   The system is out of physical RAM or swap space
#   In 32 bit mode, the process size limit was hit
# Possible solutions:
#   Reduce memory load on the system
#   Increase physical memory or swap space
#   Check if swap backing store is full
#   Use 64 bit Java on a 64 bit OS
#   Decrease Java heap size (-Xmx/-Xms)
#   Decrease number of Java threads
#   Decrease Java thread stack sizes (-Xss)
#   Set larger code cache with -XX:ReservedCodeCacheSize=
# This output file may be truncated or incomplete.
#
#  Out of Memory Error (allocation.cpp:390), pid=12216, tid=0x0000000000001e50
#
# JRE version: Java(TM) SE Runtime Environment (8.0_111-b14) (build 1.8.0_111-b14)
# Java VM: Java HotSpot(TM) 64-Bit Server VM (25.111-b14 mixed mode windows-amd64 compressed oops)
# Failed to write core dump. Minidumps are not enabled by default on client versions of Windows
#

---------------  T H R E A D  ---------------

Current thread (0x0000000018fa1800):  JavaThread "C2 CompilerThread0" daemon [_thread_in_native, id=7760, stack(0x000000001a150000,0x000000001a250000)]

Stack: [0x000000001a150000,0x000000001a250000]
[error occurred during error reporting (printing stack bounds), id 0xc0000005]

Native frames: (J=compiled Java code, j=interpreted, Vv=VM code, C=native code)


Current CompileTask:
C2:   3660 4097       4       org.eclipse.jdt.internal.compiler.lookup.BinaryTypeBinding::createMethod (1613 bytes)


---------------  P R O C E S S  ---------------

Java Threads: ( => current thread )
  0x000000001dd65000 JavaThread "ForkJoinPool.commonPool-worker-3" daemon [_thread_blocked, id=3188, stack(0x0000000021e50000,0x0000000021f50000)]
  0x000000001dd68800 JavaThread "ForkJoinPool.commonPool-worker-2" daemon [_thread_blocked, id=10800, stack(0x00000000218e0000,0x00000000219e0000)]
  0x000000001dd6b000 JavaThread "ForkJoinPool.commonPool-worker-1" daemon [_thread_blocked, id=5544, stack(0x000000001ff60000,0x0000000020060000)]
  0x000000001f0fc000 JavaThread "Worker-3" [_thread_blocked, id=8072, stack(0x00000000215e0000,0x00000000216e0000)]
  0x000000001f8aa000 JavaThread "Worker-2" [_thread_blocked, id=4280, stack(0x00000000214e0000,0x00000000215e0000)]
  0x000000001f4c0800 JavaThread "pool-1-thread-1" [_thread_in_native, id=6792, stack(0x000000001fe60000,0x000000001ff60000)]
  0x000000001bf01800 JavaThread "Bundle File Closer" daemon [_thread_blocked, id=2768, stack(0x000000001d5c0000,0x000000001d6c0000)]
  0x000000001bd20000 JavaThread "Java indexing" daemon [_thread_blocked, id=7620, stack(0x000000001d2c0000,0x000000001d3c0000)]
  0x000000001bcee000 JavaThread "Worker-1: Repository registry initialization" [_thread_blocked, id=8380, stack(0x000000001cfc0000,0x000000001d0c0000)]
  0x000000001bc87000 JavaThread "Worker-0" [_thread_blocked, id=13192, stack(0x000000001cec0000,0x000000001cfc0000)]
  0x000000001bbb4000 JavaThread "Worker-JM" [_thread_blocked, id=1676, stack(0x000000001c7a0000,0x000000001c8a0000)]
  0x000000001b6cc000 JavaThread "Start Level: Equinox Container: d36027d6-01b4-48d8-be01-5cf833ad8dc0" daemon [_thread_blocked, id=11608, stack(0x000000001c6a0000,0x000000001c7a0000)]
  0x000000001b519800 JavaThread "Framework Event Dispatcher: Equinox Container: d36027d6-01b4-48d8-be01-5cf833ad8dc0" daemon [_thread_blocked, id=12412, stack(0x000000001c5a0000,0x000000001c6a0000)]
  0x000000001afa6000 JavaThread "Active Thread: Equinox Container: d36027d6-01b4-48d8-be01-5cf833ad8dc0" [_thread_blocked, id=12712, stack(0x000000001c4a0000,0x000000001c5a0000)]
  0x000000001902d800 JavaThread "Service Thread" daemon [_thread_blocked, id=11924, stack(0x000000001a650000,0x000000001a750000)]
  0x0000000018fa5000 JavaThread "C1 CompilerThread3" daemon [_thread_blocked, id=8720, stack(0x000000001a450000,0x000000001a550000)]
  0x0000000018fa4000 JavaThread "C2 CompilerThread2" daemon [_thread_blocked, id=11760, stack(0x000000001a350000,0x000000001a450000)]
  0x0000000018fa2800 JavaThread "C2 CompilerThread1" daemon [_thread_blocked, id=3668, stack(0x000000001a250000,0x000000001a350000)]
=>0x0000000018fa1800 JavaThread "C2 CompilerThread0" daemon [_thread_in_native, id=7760, stack(0x000000001a150000,0x000000001a250000)]
  0x0000000018fa0000 JavaThread "Attach Listener" daemon [_thread_blocked, id=7420, stack(0x000000001a050000,0x000000001a150000)]
  0x0000000018f9f800 JavaThread "Signal Dispatcher" daemon [_thread_blocked, id=12760, stack(0x0000000019f50000,0x000000001a050000)]
  0x0000000018fae800 JavaThread "Surrogate Locker Thread (Concurrent GC)" daemon [_thread_blocked, id=12108, stack(0x0000000019e50000,0x0000000019f50000)]
  0x0000000018f44800 JavaThread "Finalizer" daemon [_thread_blocked, id=12932, stack(0x0000000019c50000,0x0000000019d50000)]
  0x0000000018f3c000 JavaThread "Reference Handler" daemon [_thread_blocked, id=12648, stack(0x0000000019b50000,0x0000000019c50000)]
  0x000000000296e000 JavaThread "main" [_thread_blocked, id=1196, stack(0x0000000002780000,0x0000000002880000)]

Other Threads:
  0x0000000018f37800 VMThread [stack: 0x0000000019a50000,0x0000000019b50000] [id=4232]
  0x0000000019064000 WatcherThread [stack: 0x000000001a750000,0x000000001a850000] [id=9784]

VM state:at safepoint (normal execution)

VM Mutex/Monitor currently owned by a thread:  ([mutex/lock_event])
[0x000000000296d240] FreeList_lock - owner thread: 0x0000000018f37800
[0x0000000002971050] Threads_lock - owner thread: 0x0000000018f37800
[0x00000000029702d0] Heap_lock - owner thread: 0x000000001dd68800

Heap:
 garbage-first heap   total 132096K, used 100707K [0x00000000c0000000, 0x00000000c0100408, 0x0000000100000000)
  region size 1024K, 76 young (77824K), 10 survivors (10240K)
 Metaspace       used 46494K, capacity 49312K, committed 49536K, reserved 1093632K
  class space    used 4910K, capacity 5688K, committed 5760K, reserved 1048576K

Heap Regions: (Y=young(eden), SU=young(survivor), HS=humongous(starts), HC=humongous(continues), CS=collection set, F=free, TS=gc time stamp, PTAMS=previous top-at-mark-start, NTAMS=next top-at-mark-start)
AC   0  O    TS     0 PTAMS 0x00000000c0100000 NTAMS 0x00000000c0100000 space 1024K, 100% used [0x00000000c0000000, 0x00000000c0100000)
AC   0  O    TS     0 PTAMS 0x00000000c0200000 NTAMS 0x00000000c0200000 space 1024K, 100% used [0x00000000c0100000, 0x00000000c0200000)
AC   0  O    TS     0 PTAMS 0x00000000c0300000 NTAMS 0x00000000c0300000 space 1024K, 100% used [0x00000000c0200000, 0x00000000c0300000)
AC   0  O    TS     0 PTAMS 0x00000000c0400000 NTAMS 0x00000000c0400000 space 1024K, 100% used [0x00000000c0300000, 0x00000000c0400000)
AC   0  O    TS     0 PTAMS 0x00000000c0500000 NTAMS 0x00000000c0500000 space 1024K, 100% used [0x00000000c0400000, 0x00000000c0500000)
AC   0  O    TS     0 PTAMS 0x00000000c0600000 NTAMS 0x00000000c0600000 space 1024K, 100% used [0x00000000c0500000, 0x00000000c0600000)
AC   0  O    TS     0 PTAMS 0x00000000c0700000 NTAMS 0x00000000c0700000 space 1024K, 100% used [0x00000000c0600000, 0x00000000c0700000)
AC   0  O    TS     0 PTAMS 0x00000000c0800000 NTAMS 0x00000000c0800000 space 1024K, 100% used [0x00000000c0700000, 0x00000000c0800000)
AC   0  O    TS     1 PTAMS 0x00000000c0800000 NTAMS 0x00000000c0800000 space 1024K, 100% used [0x00000000c0800000, 0x00000000c0900000)
AC   0  O    TS     1 PTAMS 0x00000000c0900000 NTAMS 0x00000000c0900000 space 1024K, 100% used [0x00000000c0900000, 0x00000000c0a00000)
AC   0  O    TS     1 PTAMS 0x00000000c0a00000 NTAMS 0x00000000c0a00000 space 1024K, 100% used [0x00000000c0a00000, 0x00000000c0b00000)
AC   0  O    TS     1 PTAMS 0x00000000c0b00000 NTAMS 0x00000000c0b00000 space 1024K, 100% used [0x00000000c0b00000, 0x00000000c0c00000)
AC   0  O    TS     1 PTAMS 0x00000000c0c00000 NTAMS 0x00000000c0c00000 space 1024K, 100% used [0x00000000c0c00000, 0x00000000c0d00000)
AC   0  O    TS     0 PTAMS 0x00000000c0e00000 NTAMS 0x00000000c0e00000 space 1024K, 100% used [0x00000000c0d00000, 0x00000000c0e00000)
AC   0  O    TS     0 PTAMS 0x00000000c0f00000 NTAMS 0x00000000c0f00000 space 1024K, 100% used [0x00000000c0e00000, 0x00000000c0f00000)
AC   0  O    TS     0 PTAMS 0x00000000c1000000 NTAMS 0x00000000c1000000 space 1024K, 100% used [0x00000000c0f00000, 0x00000000c1000000)
AC   0  O    TS     0 PTAMS 0x00000000c1100000 NTAMS 0x00000000c1100000 space 1024K, 100% used [0x00000000c1000000, 0x00000000c1100000)
AC   0  O    TS     0 PTAMS 0x00000000c1200000 NTAMS 0x00000000c1200000 space 1024K, 100% used [0x00000000c1100000, 0x00000000c1200000)
AC   0  O    TS     0 PTAMS 0x00000000c1300000 NTAMS 0x00000000c1300000 space 1024K, 100% used [0x00000000c1200000, 0x00000000c1300000)
AC   0  O    TS     0 PTAMS 0x00000000c1400000 NTAMS 0x00000000c1400000 space 1024K, 100% used [0x00000000c1300000, 0x00000000c1400000)
AC   0  O    TS     0 PTAMS 0x00000000c1500000 NTAMS 0x00000000c1500000 space 1024K, 100% used [0x00000000c1400000, 0x00000000c1500000)
AC   0  O    TS     0 PTAMS 0x00000000c1600000 NTAMS 0x00000000c1600000 space 1024K, 100% used [0x00000000c1500000, 0x00000000c1600000)
AC   0  O    TS     0 PTAMS 0x00000000c1700000 NTAMS 0x00000000c1700000 space 1024K, 100% used [0x00000000c1600000, 0x00000000c1700000)
AC   0  O    TS     0 PTAMS 0x00000000c1800000 NTAMS 0x00000000c1800000 space 1024K, 100% used [0x00000000c1700000, 0x00000000c1800000)
AC   0  O    TS     0 PTAMS 0x00000000c1900000 NTAMS 0x00000000c1900000 space 1024K, 100% used [0x00000000c1800000, 0x00000000c1900000)
AC   0  O    TS     0 PTAMS 0x00000000c1a00000 NTAMS 0x00000000c1a00000 space 1024K, 100% used [0x00000000c1900000, 0x00000000c1a00000)
AC   0  O    TS     1 PTAMS 0x00000000c1ad8c00 NTAMS 0x00000000c1ad8c00 space 1024K, 100% used [0x00000000c1a00000, 0x00000000c1b00000)
AC   0 HS    TS     0 PTAMS 0x00000000c1b00000 NTAMS 0x00000000c1b00000 space 1024K,  50% used [0x00000000c1b00000, 0x00000000c1c00000)
AC   0  O    TS     1 PTAMS 0x00000000c1c00000 NTAMS 0x00000000c1c00000 space 1024K, 100% used [0x00000000c1c00000, 0x00000000c1d00000)
AC   0  O    TS     1 PTAMS 0x00000000c1d00000 NTAMS 0x00000000c1d00000 space 1024K, 100% used [0x00000000c1d00000, 0x00000000c1e00000)
AC   0  O    TS     1 PTAMS 0x00000000c1e00000 NTAMS 0x00000000c1e00000 space 1024K, 100% used [0x00000000c1e00000, 0x00000000c1f00000)
AC   0  O    TS     1 PTAMS 0x00000000c1f00000 NTAMS 0x00000000c1f00000 space 1024K, 100% used [0x00000000c1f00000, 0x00000000c2000000)
AC   0  O    TS     1 PTAMS 0x00000000c2000000 NTAMS 0x00000000c2000000 space 1024K, 100% used [0x00000000c2000000, 0x00000000c2100000)
AC   0  O    TS     1 PTAMS 0x00000000c2100000 NTAMS 0x00000000c2100000 space 1024K, 100% used [0x00000000c2100000, 0x00000000c2200000)
AC   0  O    TS     1 PTAMS 0x00000000c2200000 NTAMS 0x00000000c2200000 space 1024K, 100% used [0x00000000c2200000, 0x00000000c2300000)
AC   0  O    TS     1 PTAMS 0x00000000c2300000 NTAMS 0x00000000c2300000 space 1024K, 100% used [0x00000000c2300000, 0x00000000c2400000)
AC   0  O    TS     1 PTAMS 0x00000000c2400000 NTAMS 0x00000000c2400000 space 1024K, 100% used [0x00000000c2400000, 0x00000000c2500000)
AC   0  O    TS     1 PTAMS 0x00000000c2500000 NTAMS 0x00000000c2500000 space 1024K, 100% used [0x00000000c2500000, 0x00000000c2600000)
AC   0  O    TS     1 PTAMS 0x00000000c2600000 NTAMS 0x00000000c2600000 space 1024K, 100% used [0x00000000c2600000, 0x00000000c2700000)
AC   0  O    TS     1 PTAMS 0x00000000c2700000 NTAMS 0x00000000c2700000 space 1024K, 100% used [0x00000000c2700000, 0x00000000c2800000)
AC   0  O    TS     1 PTAMS 0x00000000c2800000 NTAMS 0x00000000c2800000 space 1024K, 100% used [0x00000000c2800000, 0x00000000c2900000)
AC   0  O    TS     1 PTAMS 0x00000000c2900000 NTAMS 0x00000000c2900000 space 1024K, 100% used [0x00000000c2900000, 0x00000000c2a00000)
AC   0  S    TS     1 PTAMS 0x00000000c2a00000 NTAMS 0x00000000c2a00000 space 1024K, 100% used [0x00000000c2a00000, 0x00000000c2b00000)
AC   0  S    TS     1 PTAMS 0x00000000c2b00000 NTAMS 0x00000000c2b00000 space 1024K, 100% used [0x00000000c2b00000, 0x00000000c2c00000)
AC   0  S    TS     1 PTAMS 0x00000000c2c00000 NTAMS 0x00000000c2c00000 space 1024K, 100% used [0x00000000c2c00000, 0x00000000c2d00000)
AC   0  S    TS     1 PTAMS 0x00000000c2d00000 NTAMS 0x00000000c2d00000 space 1024K, 100% used [0x00000000c2d00000, 0x00000000c2e00000)
AC   0  S    TS     1 PTAMS 0x00000000c2e00000 NTAMS 0x00000000c2e00000 space 1024K, 100% used [0x00000000c2e00000, 0x00000000c2f00000)
AC   0  S    TS     1 PTAMS 0x00000000c2f00000 NTAMS 0x00000000c2f00000 space 1024K, 100% used [0x00000000c2f00000, 0x00000000c3000000)
AC   0  S    TS     1 PTAMS 0x00000000c3000000 NTAMS 0x00000000c3000000 space 1024K, 100% used [0x00000000c3000000, 0x00000000c3100000)
AC   0  S    TS     1 PTAMS 0x00000000c3100000 NTAMS 0x00000000c3100000 space 1024K, 100% used [0x00000000c3100000, 0x00000000c3200000)
AC   0  S    TS     1 PTAMS 0x00000000c3200000 NTAMS 0x00000000c3200000 space 1024K, 100% used [0x00000000c3200000, 0x00000000c3300000)
AC   0  S    TS     1 PTAMS 0x00000000c3300000 NTAMS 0x00000000c3300000 space 1024K, 100% used [0x00000000c3300000, 0x00000000c3400000)
AC   0  E CS TS     0 PTAMS 0x00000000c3400000 NTAMS 0x00000000c3400000 space 1024K, 100% used [0x00000000c3400000, 0x00000000c3500000)
AC   0  E CS TS     0 PTAMS 0x00000000c3500000 NTAMS 0x00000000c3500000 space 1024K, 100% used [0x00000000c3500000, 0x00000000c3600000)
AC   0  E CS TS     0 PTAMS 0x00000000c3600000 NTAMS 0x00000000c3600000 space 1024K, 100% used [0x00000000c3600000, 0x00000000c3700000)
AC   0  E CS TS     0 PTAMS 0x00000000c3700000 NTAMS 0x00000000c3700000 space 1024K, 100% used [0x00000000c3700000, 0x00000000c3800000)
AC   0  E CS TS     0 PTAMS 0x00000000c3800000 NTAMS 0x00000000c3800000 space 1024K, 100% used [0x00000000c3800000, 0x00000000c3900000)
AC   0  E CS TS     0 PTAMS 0x00000000c3900000 NTAMS 0x00000000c3900000 space 1024K, 100% used [0x00000000c3900000, 0x00000000c3a00000)
AC   0  E CS TS     0 PTAMS 0x00000000c3a00000 NTAMS 0x00000000c3a00000 space 1024K, 100% used [0x00000000c3a00000, 0x00000000c3b00000)
AC   0  E CS TS     0 PTAMS 0x00000000c3b00000 NTAMS 0x00000000c3b00000 space 1024K, 100% used [0x00000000c3b00000, 0x00000000c3c00000)
AC   0  E CS TS     0 PTAMS 0x00000000c3c00000 NTAMS 0x00000000c3c00000 space 1024K, 100% used [0x00000000c3c00000, 0x00000000c3d00000)
AC   0  E CS TS     0 PTAMS 0x00000000c3d00000 NTAMS 0x00000000c3d00000 space 1024K, 100% used [0x00000000c3d00000, 0x00000000c3e00000)
AC   0  E CS TS     0 PTAMS 0x00000000c3e00000 NTAMS 0x00000000c3e00000 space 1024K, 100% used [0x00000000c3e00000, 0x00000000c3f00000)
AC   0  E CS TS     0 PTAMS 0x00000000c3f00000 NTAMS 0x00000000c3f00000 space 1024K, 100% used [0x00000000c3f00000, 0x00000000c4000000)
AC   0  E CS TS     0 PTAMS 0x00000000c4000000 NTAMS 0x00000000c4000000 space 1024K, 100% used [0x00000000c4000000, 0x00000000c4100000)
AC   0  E CS TS     0 PTAMS 0x00000000c4100000 NTAMS 0x00000000c4100000 space 1024K, 100% used [0x00000000c4100000, 0x00000000c4200000)
AC   0  E CS TS     0 PTAMS 0x00000000c4200000 NTAMS 0x00000000c4200000 space 1024K, 100% used [0x00000000c4200000, 0x00000000c4300000)
AC   0  E CS TS     0 PTAMS 0x00000000c4300000 NTAMS 0x00000000c4300000 space 1024K, 100% used [0x00000000c4300000, 0x00000000c4400000)
AC   0  E CS TS     0 PTAMS 0x00000000c4400000 NTAMS 0x00000000c4400000 space 1024K, 100% used [0x00000000c4400000, 0x00000000c4500000)
AC   0  E CS TS     0 PTAMS 0x00000000c4500000 NTAMS 0x00000000c4500000 space 1024K, 100% used [0x00000000c4500000, 0x00000000c4600000)
AC   0  E CS TS     0 PTAMS 0x00000000c4600000 NTAMS 0x00000000c4600000 space 1024K, 100% used [0x00000000c4600000, 0x00000000c4700000)
AC   0  E CS TS     0 PTAMS 0x00000000c4700000 NTAMS 0x00000000c4700000 space 1024K, 100% used [0x00000000c4700000, 0x00000000c4800000)
AC   0  E CS TS     0 PTAMS 0x00000000c4800000 NTAMS 0x00000000c4800000 space 1024K, 100% used [0x00000000c4800000, 0x00000000c4900000)
AC   0  E CS TS     0 PTAMS 0x00000000c4900000 NTAMS 0x00000000c4900000 space 1024K, 100% used [0x00000000c4900000, 0x00000000c4a00000)
AC   0  E CS TS     0 PTAMS 0x00000000c4a00000 NTAMS 0x00000000c4a00000 space 1024K, 100% used [0x00000000c4a00000, 0x00000000c4b00000)
AC   0  E CS TS     0 PTAMS 0x00000000c4b00000 NTAMS 0x00000000c4b00000 space 1024K, 100% used [0x00000000c4b00000, 0x00000000c4c00000)
AC   0  E CS TS     0 PTAMS 0x00000000c4c00000 NTAMS 0x00000000c4c00000 space 1024K, 100% used [0x00000000c4c00000, 0x00000000c4d00000)
AC   0  E CS TS     0 PTAMS 0x00000000c4d00000 NTAMS 0x00000000c4d00000 space 1024K, 100% used [0x00000000c4d00000, 0x00000000c4e00000)
AC   0  E CS TS     0 PTAMS 0x00000000c4e00000 NTAMS 0x00000000c4e00000 space 1024K, 100% used [0x00000000c4e00000, 0x00000000c4f00000)
AC   0  E CS TS     0 PTAMS 0x00000000c4f00000 NTAMS 0x00000000c4f00000 space 1024K, 100% used [0x00000000c4f00000, 0x00000000c5000000)
AC   0  E CS TS     0 PTAMS 0x00000000c5000000 NTAMS 0x00000000c5000000 space 1024K, 100% used [0x00000000c5000000, 0x00000000c5100000)
AC   0  E CS TS     0 PTAMS 0x00000000c5100000 NTAMS 0x00000000c5100000 space 1024K, 100% used [0x00000000c5100000, 0x00000000c5200000)
AC   0  E CS TS     0 PTAMS 0x00000000c5200000 NTAMS 0x00000000c5200000 space 1024K, 100% used [0x00000000c5200000, 0x00000000c5300000)
AC   0  E CS TS     0 PTAMS 0x00000000c5300000 NTAMS 0x00000000c5300000 space 1024K, 100% used [0x00000000c5300000, 0x00000000c5400000)
AC   0  E CS TS     0 PTAMS 0x00000000c5400000 NTAMS 0x00000000c5400000 space 1024K, 100% used [0x00000000c5400000, 0x00000000c5500000)
AC   0  E CS TS     0 PTAMS 0x00000000c5500000 NTAMS 0x00000000c5500000 space 1024K, 100% used [0x00000000c5500000, 0x00000000c5600000)
AC   0  E CS TS     0 PTAMS 0x00000000c5600000 NTAMS 0x00000000c5600000 space 1024K, 100% used [0x00000000c5600000, 0x00000000c5700000)
AC   0  E CS TS     0 PTAMS 0x00000000c5700000 NTAMS 0x00000000c5700000 space 1024K, 100% used [0x00000000c5700000, 0x00000000c5800000)
AC   0  E CS TS     0 PTAMS 0x00000000c5800000 NTAMS 0x00000000c5800000 space 1024K, 100% used [0x00000000c5800000, 0x00000000c5900000)
AC   0  E CS TS     0 PTAMS 0x00000000c5900000 NTAMS 0x00000000c5900000 space 1024K, 100% used [0x00000000c5900000, 0x00000000c5a00000)
AC   0  E CS TS     0 PTAMS 0x00000000c5a00000 NTAMS 0x00000000c5a00000 space 1024K, 100% used [0x00000000c5a00000, 0x00000000c5b00000)
AC   0  E CS TS     0 PTAMS 0x00000000c5b00000 NTAMS 0x00000000c5b00000 space 1024K, 100% used [0x00000000c5b00000, 0x00000000c5c00000)
AC   0  E CS TS     0 PTAMS 0x00000000c5c00000 NTAMS 0x00000000c5c00000 space 1024K, 100% used [0x00000000c5c00000, 0x00000000c5d00000)
AC   0  E CS TS     0 PTAMS 0x00000000c5d00000 NTAMS 0x00000000c5d00000 space 1024K, 100% used [0x00000000c5d00000, 0x00000000c5e00000)
AC   0  E CS TS     0 PTAMS 0x00000000c5e00000 NTAMS 0x00000000c5e00000 space 1024K, 100% used [0x00000000c5e00000, 0x00000000c5f00000)
AC   0  E CS TS     0 PTAMS 0x00000000c5f00000 NTAMS 0x00000000c5f00000 space 1024K, 100% used [0x00000000c5f00000, 0x00000000c6000000)
AC   0  E CS TS     0 PTAMS 0x00000000c6000000 NTAMS 0x00000000c6000000 space 1024K, 100% used [0x00000000c6000000, 0x00000000c6100000)
AC   0  E CS TS     0 PTAMS 0x00000000c6100000 NTAMS 0x00000000c6100000 space 1024K, 100% used [0x00000000c6100000, 0x00000000c6200000)
AC   0  E CS TS     0 PTAMS 0x00000000c6200000 NTAMS 0x00000000c6200000 space 1024K, 100% used [0x00000000c6200000, 0x00000000c6300000)
AC   0  E CS TS     0 PTAMS 0x00000000c6300000 NTAMS 0x00000000c6300000 space 1024K, 100% used [0x00000000c6300000, 0x00000000c6400000)
AC   0  E CS TS     0 PTAMS 0x00000000c6400000 NTAMS 0x00000000c6400000 space 1024K, 100% used [0x00000000c6400000, 0x00000000c6500000)
AC   0  E CS TS     0 PTAMS 0x00000000c6500000 NTAMS 0x00000000c6500000 space 1024K, 100% used [0x00000000c6500000, 0x00000000c6600000)
AC   0  E CS TS     0 PTAMS 0x00000000c6600000 NTAMS 0x00000000c6600000 space 1024K, 100% used [0x00000000c6600000, 0x00000000c6700000)
AC   0  E CS TS     0 PTAMS 0x00000000c6700000 NTAMS 0x00000000c6700000 space 1024K, 100% used [0x00000000c6700000, 0x00000000c6800000)
AC   0  E CS TS     0 PTAMS 0x00000000c6800000 NTAMS 0x00000000c6800000 space 1024K, 100% used [0x00000000c6800000, 0x00000000c6900000)
AC   0  E CS TS     0 PTAMS 0x00000000c6900000 NTAMS 0x00000000c6900000 space 1024K, 100% used [0x00000000c6900000, 0x00000000c6a00000)
AC   0  E CS TS     0 PTAMS 0x00000000c6a00000 NTAMS 0x00000000c6a00000 space 1024K, 100% used [0x00000000c6a00000, 0x00000000c6b00000)
AC   0  E CS TS     0 PTAMS 0x00000000c6b00000 NTAMS 0x00000000c6b00000 space 1024K, 100% used [0x00000000c6b00000, 0x00000000c6c00000)
AC   0  E CS TS     0 PTAMS 0x00000000c6c00000 NTAMS 0x00000000c6c00000 space 1024K, 100% used [0x00000000c6c00000, 0x00000000c6d00000)
AC   0  E CS TS     0 PTAMS 0x00000000c6d00000 NTAMS 0x00000000c6d00000 space 1024K, 100% used [0x00000000c6d00000, 0x00000000c6e00000)
AC   0  E CS TS     0 PTAMS 0x00000000c6e00000 NTAMS 0x00000000c6e00000 space 1024K, 100% used [0x00000000c6e00000, 0x00000000c6f00000)
AC   0  E CS TS     0 PTAMS 0x00000000c6f00000 NTAMS 0x00000000c6f00000 space 1024K, 100% used [0x00000000c6f00000, 0x00000000c7000000)
AC   0  E CS TS     0 PTAMS 0x00000000c7000000 NTAMS 0x00000000c7000000 space 1024K, 100% used [0x00000000c7000000, 0x00000000c7100000)
AC   0  E CS TS     0 PTAMS 0x00000000c7100000 NTAMS 0x00000000c7100000 space 1024K, 100% used [0x00000000c7100000, 0x00000000c7200000)
AC   0  E CS TS     0 PTAMS 0x00000000c7200000 NTAMS 0x00000000c7200000 space 1024K, 100% used [0x00000000c7200000, 0x00000000c7300000)
AC   0  E CS TS     0 PTAMS 0x00000000c7300000 NTAMS 0x00000000c7300000 space 1024K, 100% used [0x00000000c7300000, 0x00000000c7400000)
AC   0  E CS TS     0 PTAMS 0x00000000c7400000 NTAMS 0x00000000c7400000 space 1024K, 100% used [0x00000000c7400000, 0x00000000c7500000)
AC   0  E CS TS     0 PTAMS 0x00000000c7500000 NTAMS 0x00000000c7500000 space 1024K, 100% used [0x00000000c7500000, 0x00000000c7600000)
AC   0  E CS TS     0 PTAMS 0x00000000c7600000 NTAMS 0x00000000c7600000 space 1024K, 100% used [0x00000000c7600000, 0x00000000c7700000)
AC   0  E CS TS     0 PTAMS 0x00000000c7700000 NTAMS 0x00000000c7700000 space 1024K, 100% used [0x00000000c7700000, 0x00000000c7800000)
AC   0  E CS TS     0 PTAMS 0x00000000c7800000 NTAMS 0x00000000c7800000 space 1024K, 100% used [0x00000000c7800000, 0x00000000c7900000)
AC   0  E CS TS     0 PTAMS 0x00000000c7900000 NTAMS 0x00000000c7900000 space 1024K, 100% used [0x00000000c7900000, 0x00000000c7a00000)
AC   0  E CS TS     0 PTAMS 0x00000000c7a00000 NTAMS 0x00000000c7a00000 space 1024K, 100% used [0x00000000c7a00000, 0x00000000c7b00000)
AC   0  E CS TS     0 PTAMS 0x00000000c7b00000 NTAMS 0x00000000c7b00000 space 1024K, 100% used [0x00000000c7b00000, 0x00000000c7c00000)
AC   0  E CS TS     0 PTAMS 0x00000000c7c00000 NTAMS 0x00000000c7c00000 space 1024K, 100% used [0x00000000c7c00000, 0x00000000c7d00000)
AC   0  E CS TS     0 PTAMS 0x00000000c7d00000 NTAMS 0x00000000c7d00000 space 1024K, 100% used [0x00000000c7d00000, 0x00000000c7e00000)
AC   0  E CS TS     0 PTAMS 0x00000000c7e00000 NTAMS 0x00000000c7e00000 space 1024K, 100% used [0x00000000c7e00000, 0x00000000c7f00000)
AC   0  E CS TS     0 PTAMS 0x00000000c7f00000 NTAMS 0x00000000c7f00000 space 1024K, 100% used [0x00000000c7f00000, 0x00000000c8000000)

Card table byte_map: [0x0000000013bc0000,0x0000000013dc0000] byte_map_base: 0x00000000135c0000

Marking Bits (Prev, Next): (CMBitMap*) 0x00000000029c16a8, (CMBitMap*) 0x00000000029c1700
 Prev Bits: [0x0000000013fc0000, 0x0000000014fc0000)
 Next Bits: [0x0000000014fc0000, 0x0000000015fc0000)

Polling page: 0x00000000005f0000

CodeCache: size=245760Kb used=15426Kb max_used=15936Kb free=230333Kb
 bounds [0x0000000002a70000, 0x0000000003a40000, 0x0000000011a70000]
 total_blobs=4708 nmethods=4138 adapters=481
 compilation: enabled

Compilation events (10 events):
Event: 3.600 Thread 0x0000000018fa5000 nmethod 4438 0x000000000309f4d0 code [0x000000000309f9a0, 0x00000000030a2c28]
Event: 3.600 Thread 0x0000000018fa5000 4440       3       org.eclipse.jdt.internal.compiler.flow.FlowContext::recordAbruptExit (40 bytes)
Event: 3.600 Thread 0x0000000018fa5000 nmethod 4440 0x0000000002c00950 code [0x0000000002c00ac0, 0x0000000002c00e68]
Event: 3.600 Thread 0x0000000018fa5000 4441       3       org.eclipse.jdt.internal.compiler.flow.UnconditionalFlowInfo::isDefinitelyAssigned (76 bytes)
Event: 3.600 Thread 0x0000000018fa5000 nmethod 4441 0x0000000002ba8690 code [0x0000000002ba8800, 0x0000000002ba8bb0]
Event: 3.600 Thread 0x0000000018fa5000 4442       3       org.eclipse.jdt.internal.compiler.flow.UnconditionalFlowInfo::isDefinitelyAssigned (38 bytes)
Event: 3.601 Thread 0x0000000018fa5000 nmethod 4442 0x0000000002dc0850 code [0x0000000002dc09c0, 0x0000000002dc0c08]
Event: 3.601 Thread 0x0000000018fa5000 4439       3       org.eclipse.jdt.internal.compiler.lookup.MethodBinding::isStatic (14 bytes)
Event: 3.601 Thread 0x0000000018fa5000 nmethod 4439 0x000000000309f090 code [0x000000000309f1e0, 0x000000000309f390]
Event: 3.601 Thread 0x0000000018fa5000 4444       3       org.eclipse.jdt.internal.compiler.codegen.ConstantPool::literalIndex (392 bytes)

GC Heap History (10 events):
Event: 0.690 GC heap after
Heap after GC invocations=1 (full 0):
 garbage-first heap   total 131072K, used 6643K [0x00000000c0000000, 0x00000000c0100400, 0x0000000100000000)
  region size 1024K, 3 young (3072K), 3 survivors (3072K)
 Metaspace       used 9486K, capacity 9762K, committed 9856K, reserved 1058816K
  class space    used 1013K, capacity 1099K, committed 1152K, reserved 1048576K
}
Event: 1.070 GC heap before
{Heap before GC invocations=1 (full 0):
 garbage-first heap   total 131072K, used 36339K [0x00000000c0000000, 0x00000000c0100400, 0x0000000100000000)
  region size 1024K, 32 young (32768K), 3 survivors (3072K)
 Metaspace       used 16828K, capacity 17590K, committed 17792K, reserved 1064960K
  class space    used 1649K, capacity 1905K, committed 1920K, reserved 1048576K
Event: 1.080 GC heap after
Heap after GC invocations=2 (full 0):
 garbage-first heap   total 131072K, used 16774K [0x00000000c0000000, 0x00000000c0100400, 0x0000000100000000)
  region size 1024K, 4 young (4096K), 4 survivors (4096K)
 Metaspace       used 16828K, capacity 17590K, committed 17792K, reserved 1064960K
  class space    used 1649K, capacity 1905K, committed 1920K, reserved 1048576K
}
Event: 1.293 GC heap before
{Heap before GC invocations=2 (full 0):
 garbage-first heap   total 131072K, used 37254K [0x00000000c0000000, 0x00000000c0100400, 0x0000000100000000)
  region size 1024K, 25 young (25600K), 4 survivors (4096K)
 Metaspace       used 20053K, capacity 21080K, committed 21296K, reserved 1069056K
  class space    used 2065K, capacity 2415K, committed 2432K, reserved 1048576K
Event: 1.298 GC heap after
Heap after GC invocations=3 (full 0):
 garbage-first heap   total 131072K, used 20442K [0x00000000c0000000, 0x00000000c0100400, 0x0000000100000000)
  region size 1024K, 8 young (8192K), 8 survivors (8192K)
 Metaspace       used 20053K, capacity 21080K, committed 21296K, reserved 1069056K
  class space    used 2065K, capacity 2415K, committed 2432K, reserved 1048576K
}
Event: 1.887 GC heap before
{Heap before GC invocations=4 (full 0):
 garbage-first heap   total 131072K, used 85587K [0x00000000c0000000, 0x00000000c0100400, 0x0000000100000000)
  region size 1024K, 76 young (77824K), 8 survivors (8192K)
 Metaspace       used 25819K, capacity 27088K, committed 27392K, reserved 1073152K
  class space    used 2808K, capacity 3274K, committed 3328K, reserved 1048576K
Event: 1.898 GC heap after
Heap after GC invocations=5 (full 0):
 garbage-first heap   total 131072K, used 23348K [0x00000000c0000000, 0x00000000c0100400, 0x0000000100000000)
  region size 1024K, 10 young (10240K), 10 survivors (10240K)
 Metaspace       used 25819K, capacity 27088K, committed 27392K, reserved 1073152K
  class space    used 2808K, capacity 3274K, committed 3328K, reserved 1048576K
}
Event: 2.484 GC heap before
{Heap before GC invocations=5 (full 0):
 garbage-first heap   total 131072K, used 77620K [0x00000000c0000000, 0x00000000c0100400, 0x0000000100000000)
  region size 1024K, 64 young (65536K), 10 survivors (10240K)
 Metaspace       used 33573K, capacity 35626K, committed 35708K, reserved 1081344K
  class space    used 3707K, capacity 4465K, committed 4480K, reserved 1048576K
Event: 2.499 GC heap after
Heap after GC invocations=6 (full 0):
 garbage-first heap   total 131072K, used 37731K [0x00000000c0000000, 0x00000000c0100400, 0x0000000100000000)
  region size 1024K, 10 young (10240K), 10 survivors (10240K)
 Metaspace       used 33573K, capacity 35626K, committed 35708K, reserved 1081344K
  class space    used 3707K, capacity 4465K, committed 4480K, reserved 1048576K
}
Event: 3.602 GC heap before
{Heap before GC invocations=7 (full 0):
 garbage-first heap   total 131072K, used 100707K [0x00000000c0000000, 0x00000000c0100400, 0x0000000100000000)
  region size 1024K, 76 young (77824K), 10 survivors (10240K)
 Metaspace       used 46494K, capacity 49312K, committed 49536K, reserved 1093632K
  class space    used 4910K, capacity 5688K, committed 5760K, reserved 1048576K

Deoptimization events (10 events):
Event: 3.377 Thread 0x000000001dd68800 Uncommon trap: reason=bimorphic action=maybe_recompile pc=0x0000000003950f34 method=org.eclipse.jdt.internal.compiler.parser.Parser.consumeRule(I)V @ 6073
Event: 3.428 Thread 0x000000001dd68800 Uncommon trap: reason=unstable_if action=reinterpret pc=0x00000000036d9e14 method=java.util.concurrent.ConcurrentHashMap.get(Ljava/lang/Object;)Ljava/lang/Object; @ 76
Event: 3.428 Thread 0x000000001dd68800 Uncommon trap: reason=class_check action=maybe_recompile pc=0x00000000034ca7b4 method=java.util.concurrent.ConcurrentHashMap.putVal(Ljava/lang/Object;Ljava/lang/Object;Z)Ljava/lang/Object; @ 192
Event: 3.430 Thread 0x000000001dd68800 Uncommon trap: reason=class_check action=maybe_recompile pc=0x00000000031b2bd0 method=java.util.AbstractList$Itr.hasNext()Z @ 8
Event: 3.430 Thread 0x000000001dd68800 Uncommon trap: reason=class_check action=maybe_recompile pc=0x00000000031ee604 method=java.util.AbstractList$Itr.next()Ljava/lang/Object; @ 14
Event: 3.430 Thread 0x000000001dd68800 Uncommon trap: reason=class_check action=maybe_recompile pc=0x00000000031b2bd0 method=java.util.AbstractList$Itr.hasNext()Z @ 8
Event: 3.430 Thread 0x000000001dd68800 Uncommon trap: reason=class_check action=maybe_recompile pc=0x00000000031ee604 method=java.util.AbstractList$Itr.next()Ljava/lang/Object; @ 14
Event: 3.568 Thread 0x000000001dd68800 Uncommon trap: reason=bimorphic action=maybe_recompile pc=0x00000000036e2428 method=java.util.Collections$UnmodifiableCollection.isEmpty()Z @ 4
Event: 3.569 Thread 0x000000001dd68800 Uncommon trap: reason=bimorphic action=maybe_recompile pc=0x00000000036e2428 method=java.util.Collections$UnmodifiableCollection.isEmpty()Z @ 4
Event: 3.582 Thread 0x000000001dd68800 Uncommon trap: reason=unstable_if action=reinterpret pc=0x0000000002da3448 method=org.eclipse.jdt.internal.compiler.parser.Scanner.getNextToken0()I @ 193

Internal exceptions (10 events):
Event: 3.249 Thread 0x000000001f8aa000 Exception <a 'java/lang/ArrayIndexOutOfBoundsException'> (0x00000000c4e27288) thrown at [C:\re\workspace\8-2-build-windows-amd64-cygwin\jdk8u111\7883\hotspot\src\share\vm\runtime\sharedRuntime.cpp, line 605]
Event: 3.263 Thread 0x000000001f8aa000 Exception <a 'java/lang/ArrayIndexOutOfBoundsException'> (0x00000000c4d02d58) thrown at [C:\re\workspace\8-2-build-windows-amd64-cygwin\jdk8u111\7883\hotspot\src\share\vm\runtime\sharedRuntime.cpp, line 605]
Event: 3.367 Thread 0x000000001dd65000 Exception <a 'java/lang/ArrayIndexOutOfBoundsException': 3311> (0x00000000c4b01bd0) thrown at [C:\re\workspace\8-2-build-windows-amd64-cygwin\jdk8u111\7883\hotspot\src\share\vm\interpreter\interpreterRuntime.cpp, line 366]
Event: 3.367 Thread 0x000000001dd65000 Exception <a 'java/lang/ArrayIndexOutOfBoundsException': 3312> (0x00000000c4b01e08) thrown at [C:\re\workspace\8-2-build-windows-amd64-cygwin\jdk8u111\7883\hotspot\src\share\vm\interpreter\interpreterRuntime.cpp, line 366]
Event: 3.378 Thread 0x000000001dd68800 Exception <a 'java/lang/ArrayIndexOutOfBoundsException'> (0x00000000c4a12230) thrown at [C:\re\workspace\8-2-build-windows-amd64-cygwin\jdk8u111\7883\hotspot\src\share\vm\runtime\sharedRuntime.cpp, line 605]
Event: 3.458 Thread 0x000000001dd68800 Exception <a 'java/lang/ArrayIndexOutOfBoundsException'> (0x00000000c3c9ddc0) thrown at [C:\re\workspace\8-2-build-windows-amd64-cygwin\jdk8u111\7883\hotspot\src\share\vm\runtime\sharedRuntime.cpp, line 605]
Event: 3.477 Thread 0x000000001dd68800 Exception <a 'java/lang/ArrayIndexOutOfBoundsException'> (0x00000000c3bcd678) thrown at [C:\re\workspace\8-2-build-windows-amd64-cygwin\jdk8u111\7883\hotspot\src\share\vm\runtime\sharedRuntime.cpp, line 605]
Event: 3.496 Thread 0x000000001dd68800 Exception <a 'java/lang/ArrayIndexOutOfBoundsException'> (0x00000000c3ad05d0) thrown at [C:\re\workspace\8-2-build-windows-amd64-cygwin\jdk8u111\7883\hotspot\src\share\vm\runtime\sharedRuntime.cpp, line 605]
Event: 3.496 Thread 0x000000001dd68800 Exception <a 'java/lang/ArrayIndexOutOfBoundsException'> (0x00000000c3ad0860) thrown at [C:\re\workspace\8-2-build-windows-amd64-cygwin\jdk8u111\7883\hotspot\src\share\vm\runtime\sharedRuntime.cpp, line 605]
Event: 3.594 Thread 0x000000001dd68800 Exception <a 'java/lang/ArrayIndexOutOfBoundsException'> (0x00000000c34c0168) thrown at [C:\re\workspace\8-2-build-windows-amd64-cygwin\jdk8u111\7883\hotspot\src\share\vm\runtime\sharedRuntime.cpp, line 605]

Events (10 events):
Event: 3.592 loading class org/eclipse/jdt/core/dom/IVariableBinding done
Event: 3.592 loading class org/eclipse/jdt/ls/core/internal/handlers/JdtDomModels$LspVariableBinding
Event: 3.592 loading class org/eclipse/jdt/ls/core/internal/handlers/JdtDomModels$LspVariableBinding done
Event: 3.592 loading class org/eclipse/jdt/ls/core/internal/handlers/JdtDomModels$LspVariableBinding
Event: 3.592 loading class org/eclipse/jdt/ls/core/internal/handlers/JdtDomModels$LspVariableBinding done
Event: 3.596 Thread 0x000000001dd68800 DEOPT PACKING pc=0x00000000038d98c0 sp=0x00000000219ddf30
Event: 3.596 Thread 0x000000001dd68800 DEOPT UNPACKING pc=0x0000000002ab787f sp=0x00000000219ddc90 mode 0
Event: 3.596 Thread 0x000000001dd68800 DEOPT PACKING pc=0x00000000038d98c0 sp=0x00000000219dde80
Event: 3.596 Thread 0x000000001dd68800 DEOPT UNPACKING pc=0x0000000002ab787f sp=0x00000000219ddbb8 mode 0
Event: 3.602 Executing VM operation: G1IncCollectionPause


Dynamic libraries:
0x00007ff73b830000 - 0x00007ff73b867000 	C:\Program Files\Java\jdk1.8.0_111\bin\java.exe
0x00007ffe8d080000 - 0x00007ffe8d270000 	C:\WINDOWS\SYSTEM32\ntdll.dll
0x00007ffe8c190000 - 0x00007ffe8c242000 	C:\WINDOWS\System32\KERNEL32.DLL
0x00007ffe8a9d0000 - 0x00007ffe8ac73000 	C:\WINDOWS\System32\KERNELBASE.dll
0x00007ffe8c030000 - 0x00007ffe8c0d3000 	C:\WINDOWS\System32\ADVAPI32.dll
0x00007ffe8bf10000 - 0x00007ffe8bfae000 	C:\WINDOWS\System32\msvcrt.dll
0x00007ffe8b270000 - 0x00007ffe8b307000 	C:\WINDOWS\System32\sechost.dll
0x00007ffe8c970000 - 0x00007ffe8ca90000 	C:\WINDOWS\System32\RPCRT4.dll
0x00007ffe8b5c0000 - 0x00007ffe8b754000 	C:\WINDOWS\System32\USER32.dll
0x00007ffe8afa0000 - 0x00007ffe8afc1000 	C:\WINDOWS\System32\win32u.dll
0x00007ffe8b770000 - 0x00007ffe8b796000 	C:\WINDOWS\System32\GDI32.dll
0x00007ffe8ac80000 - 0x00007ffe8ae14000 	C:\WINDOWS\System32\gdi32full.dll
0x00007ffe8a930000 - 0x00007ffe8a9ce000 	C:\WINDOWS\System32\msvcp_win.dll
0x00007ffe8afd0000 - 0x00007ffe8b0ca000 	C:\WINDOWS\System32\ucrtbase.dll
0x00007ffe84960000 - 0x00007ffe84be5000 	C:\WINDOWS\WinSxS\amd64_microsoft.windows.common-controls_6595b64144ccf1df_6.0.18362.418_none_e6c6b287130d565d\COMCTL32.dll
0x00007ffe8ca90000 - 0x00007ffe8cdc6000 	C:\WINDOWS\System32\combase.dll
0x00007ffe8a840000 - 0x00007ffe8a8c0000 	C:\WINDOWS\System32\bcryptPrimitives.dll
0x00007ffe8b590000 - 0x00007ffe8b5be000 	C:\WINDOWS\System32\IMM32.DLL
0x000000005b400000 - 0x000000005b4d2000 	C:\Program Files\Java\jdk1.8.0_111\jre\bin\msvcr100.dll
0x000000005ab60000 - 0x000000005b3fa000 	C:\Program Files\Java\jdk1.8.0_111\jre\bin\server\jvm.dll
0x00007ffe8b760000 - 0x00007ffe8b768000 	C:\WINDOWS\System32\PSAPI.DLL
0x00007ffe84810000 - 0x00007ffe8481a000 	C:\WINDOWS\SYSTEM32\VERSION.dll
0x00007ffe83d10000 - 0x00007ffe83d34000 	C:\WINDOWS\SYSTEM32\WINMM.dll
0x00007ffe86e90000 - 0x00007ffe86e99000 	C:\WINDOWS\SYSTEM32\WSOCK32.dll
0x00007ffe8bfc0000 - 0x00007ffe8c02f000 	C:\WINDOWS\System32\WS2_32.dll
0x00007ffe83ce0000 - 0x00007ffe83d0d000 	C:\WINDOWS\SYSTEM32\WINMMBASE.dll
0x00007ffe8a8e0000 - 0x00007ffe8a92a000 	C:\WINDOWS\System32\cfgmgr32.dll
0x000000005ab50000 - 0x000000005ab5f000 	C:\Program Files\Java\jdk1.8.0_111\jre\bin\verify.dll
0x000000005ab20000 - 0x000000005ab49000 	C:\Program Files\Java\jdk1.8.0_111\jre\bin\java.dll
0x000000005ab00000 - 0x000000005ab16000 	C:\Program Files\Java\jdk1.8.0_111\jre\bin\zip.dll
0x00007ffe8b7a0000 - 0x00007ffe8be85000 	C:\WINDOWS\System32\SHELL32.dll
0x00007ffe8cdd0000 - 0x00007ffe8ce79000 	C:\WINDOWS\System32\shcore.dll
0x00007ffe8a0c0000 - 0x00007ffe8a83f000 	C:\WINDOWS\System32\windows.storage.dll
0x00007ffe89fd0000 - 0x00007ffe89fef000 	C:\WINDOWS\System32\profapi.dll
0x00007ffe89f60000 - 0x00007ffe89faa000 	C:\WINDOWS\System32\powrprof.dll
0x00007ffe89f50000 - 0x00007ffe89f60000 	C:\WINDOWS\System32\UMPDC.dll
0x00007ffe8c2b0000 - 0x00007ffe8c302000 	C:\WINDOWS\System32\shlwapi.dll
0x00007ffe89fb0000 - 0x00007ffe89fc1000 	C:\WINDOWS\System32\kernel.appcore.dll
0x00007ffe8a8c0000 - 0x00007ffe8a8d7000 	C:\WINDOWS\System32\cryptsp.dll
0x00007ffe892d0000 - 0x00007ffe89303000 	C:\WINDOWS\system32\rsaenh.dll
0x00007ffe8ae20000 - 0x00007ffe8ae46000 	C:\WINDOWS\System32\bcrypt.dll
0x00007ffe89e40000 - 0x00007ffe89e65000 	C:\WINDOWS\SYSTEM32\USERENV.dll
0x00007ffe89930000 - 0x00007ffe8993c000 	C:\WINDOWS\SYSTEM32\CRYPTBASE.dll
0x000000005aae0000 - 0x000000005aafa000 	C:\Program Files\Java\jdk1.8.0_111\jre\bin\net.dll
0x00007ffe89760000 - 0x00007ffe897c7000 	C:\WINDOWS\system32\mswsock.dll
0x00007ffe89470000 - 0x00007ffe894aa000 	C:\WINDOWS\SYSTEM32\IPHLPAPI.DLL
0x00007ffe8c780000 - 0x00007ffe8c788000 	C:\WINDOWS\System32\NSI.dll
0x00007ffe84da0000 - 0x00007ffe84db6000 	C:\WINDOWS\SYSTEM32\dhcpcsvc6.DLL
0x00007ffe856a0000 - 0x00007ffe856bc000 	C:\WINDOWS\SYSTEM32\dhcpcsvc.DLL
0x00007ffe894b0000 - 0x00007ffe8957a000 	C:\WINDOWS\SYSTEM32\DNSAPI.dll
0x000000005aac0000 - 0x000000005aad1000 	C:\Program Files\Java\jdk1.8.0_111\jre\bin\nio.dll
0x00007ffe86e10000 - 0x00007ffe86e39000 	C:\Users\Harshit\.vscode\extensions\redhat.java-0.50.0\server\config_win\org.eclipse.equinox.launcher\org.eclipse.equinox.launcher.win32.win32.x86_64_1.1.1100.v20190907-0426\eclipse_1902.dll
0x00007ffe86df0000 - 0x00007ffe86e01000 	C:\Users\Harshit\.vscode\extensions\redhat.java-0.50.0\server\config_win\org.eclipse.osgi\21\0\.cp\jWinHttp-1.0.0.dll
0x00007ffe8c790000 - 0x00007ffe8c8e6000 	C:\WINDOWS\System32\ole32.dll
0x00007ffe827f0000 - 0x00007ffe828e0000 	C:\WINDOWS\SYSTEM32\WINHTTP.dll

VM Arguments:
jvm_args: -Declipse.application=org.eclipse.jdt.ls.core.id1 -Dosgi.bundles.defaultStartLevel=4 -Declipse.product=org.eclipse.jdt.ls.core.product -Dfile.encoding=utf8 -DwatchParentProcess=false -Xverify:none -Xmx1G -XX:+UseG1GC -XX:+UseStringDeduplication 
java_command: c:\Users\Harshit\.vscode\extensions\redhat.java-0.50.0\server\plugins\org.eclipse.equinox.launcher_1.5.500.v20190715-1310.jar -configuration c:\Users\Harshit\.vscode\extensions\redhat.java-0.50.0\server\config_win -data c:\Users\Harshit\AppData\Roaming\Code\User\workspaceStorage\a0c18af6f2665cea9d538d96be9ff5d9\redhat.java\jdt_ws
java_class_path (initial): c:\Users\Harshit\.vscode\extensions\redhat.java-0.50.0\server\plugins\org.eclipse.equinox.launcher_1.5.500.v20190715-1310.jar
Launcher Type: SUN_STANDARD

Environment Variables:
PATH=C:\ProgramData\Oracle\Java\javapath;C:\Program Files (x86)\Intel\iCLS Client\;C:\Program Files\Intel\iCLS Client\;C:\WINDOWS\system32;C:\WINDOWS;C:\WINDOWS\System32\Wbem;C:\WINDOWS\System32\WindowsPowerShell\v1.0\;C:\Program Files (x86)\Intel\Intel(R) Management Engine Components\DAL;C:\Program Files\Intel\Intel(R) Management Engine Components\DAL;C:\Program Files (x86)\Intel\Intel(R) Management Engine Components\IPT;C:\Program Files\Intel\Intel(R) Management Engine Components\IPT;C:\WINDOWS\System32\OpenSSH\;C:\Program Files\nodejs\;C:\Program Files\Git\cmd;C:\Program Files\Git\mingw64\bin;C:\Program Files\Git\usr\bin;C:\MinGW\bin;C:\MinGW\msys\1.0\bin;C:\Program Files\Java\jdk1.8.0_111\bin;C:\Program Files\Java\jre1.8.0_111\bin;C:\Users\Harshit\AppData\Local\Microsoft\WindowsApps;C:\Users\Harshit\AppData\Roaming\npm;C:\Program Files\MongoDB\Server\4.2\bin;C:\Program Files\heroku\bin;C:\Users\Harshit\AppData\Local\Programs\Microsoft VS Code\bin
USERNAME=Harshit
OS=Windows_NT
PROCESSOR_IDENTIFIER=Intel64 Family 6 Model 142 Stepping 10, GenuineIntel



---------------  S Y S T E M  ---------------

OS: Windows 10.0 , 64 bit Build 18362 (10.0.18362.329)

CPU:total 8 (4 cores per cpu, 2 threads per core) family 6 model 142 stepping 10, cmov, cx8, fxsr, mmx, sse, sse2, sse3, ssse3, sse4.1, sse4.2, popcnt, avx, avx2, aes, clmul, erms, 3dnowpref, lzcnt, ht, tsc, tscinvbit, bmi1, bmi2, adx

Memory: 4k page, physical 8294628k(802788k free), swap 33460452k(5212k free)

vm_info: Java HotSpot(TM) 64-Bit Server VM (25.111-b14) for windows-amd64 JRE (1.8.0_111-b14), built on Sep 22 2016 19:24:05 by "java_re" with MS VC++ 10.0 (VS2010)

time: Sat Oct 19 16:08:57 2019
elapsed time: 3 seconds (0d 0h 0m 3s)

