#
# There is insufficient memory for the Java Runtime Environment to continue.
# Native memory allocation (malloc) failed to allocate 1309296 bytes for Chunk::new
# Possible reasons:
#   The system is out of physical RAM or swap space
#   In 32 bit mode, the process size limit was hit
# Possible solutions:
#   Reduce memory load on the system
#   Increase physical memory or swap space
#   Check if swap backing store is full
#   Use 64 bit Java on a 64 bit OS
#   Decrease Java heap size (-Xmx/-Xms)
#   Decrease number of Java threads
#   Decrease Java thread stack sizes (-Xss)
#   Set larger code cache with -XX:ReservedCodeCacheSize=
# This output file may be truncated or incomplete.
#
#  Out of Memory Error (allocation.cpp:390), pid=13208, tid=0x0000000000000e80
#
# JRE version: Java(TM) SE Runtime Environment (8.0_111-b14) (build 1.8.0_111-b14)
# Java VM: Java HotSpot(TM) 64-Bit Server VM (25.111-b14 mixed mode windows-amd64 compressed oops)
# Failed to write core dump. Minidumps are not enabled by default on client versions of Windows
#

---------------  T H R E A D  ---------------

Current thread (0x0000000019231800):  JavaThread "C2 CompilerThread0" daemon [_thread_in_native, id=3712, stack(0x000000001a3d0000,0x000000001a4d0000)]

Stack: [0x000000001a3d0000,0x000000001a4d0000]
[error occurred during error reporting (printing stack bounds), id 0xc0000005]

Native frames: (J=compiled Java code, j=interpreted, Vv=VM code, C=native code)


Current CompileTask:
C2:  39889 3273   !   4       org.eclipse.osgi.internal.loader.BundleLoader::findRequiredSource (283 bytes)


---------------  P R O C E S S  ---------------

Java Threads: ( => current thread )
  0x000000001ae01000 JavaThread "Bundle File Closer" daemon [_thread_blocked, id=3764, stack(0x000000001d920000,0x000000001da20000)]
  0x000000001ab7b800 JavaThread "Java indexing" daemon [_thread_blocked, id=13300, stack(0x000000001d620000,0x000000001d720000)]
  0x000000001bba2800 JavaThread "Worker-2" [_thread_blocked, id=10616, stack(0x000000001d520000,0x000000001d620000)]
  0x000000001ba45800 JavaThread "Worker-1" [_thread_blocked, id=13860, stack(0x000000001d220000,0x000000001d320000)]
  0x000000001ba31800 JavaThread "Worker-0: Repository registry initialization" [_thread_in_native, id=7264, stack(0x000000001d120000,0x000000001d220000)]
  0x000000001b1c5800 JavaThread "Worker-JM" [_thread_blocked, id=11272, stack(0x000000001ce20000,0x000000001cf20000)]
  0x000000001b9d7000 JavaThread "Start Level: Equinox Container: 6e06b604-3643-4aae-84f8-772fee85cc57" daemon [_thread_blocked, id=9832, stack(0x000000001c920000,0x000000001ca20000)]
  0x000000001b9ad800 JavaThread "Framework Event Dispatcher: Equinox Container: 6e06b604-3643-4aae-84f8-772fee85cc57" daemon [_thread_blocked, id=11352, stack(0x000000001c820000,0x000000001c920000)]
  0x000000001abc8000 JavaThread "Active Thread: Equinox Container: 6e06b604-3643-4aae-84f8-772fee85cc57" [_thread_blocked, id=8296, stack(0x000000001c720000,0x000000001c820000)]
  0x000000001922a000 JavaThread "Service Thread" daemon [_thread_blocked, id=2896, stack(0x000000001a8d0000,0x000000001a9d0000)]
  0x0000000019229800 JavaThread "C1 CompilerThread3" daemon [_thread_blocked, id=6784, stack(0x000000001a7d0000,0x000000001a8d0000)]
  0x0000000019228800 JavaThread "C2 CompilerThread2" daemon [_thread_blocked, id=6308, stack(0x000000001a6d0000,0x000000001a7d0000)]
  0x0000000019223800 JavaThread "C2 CompilerThread1" daemon [_thread_blocked, id=4376, stack(0x000000001a5d0000,0x000000001a6d0000)]
=>0x0000000019231800 JavaThread "C2 CompilerThread0" daemon [_thread_in_native, id=3712, stack(0x000000001a3d0000,0x000000001a4d0000)]
  0x0000000019230000 JavaThread "Attach Listener" daemon [_thread_blocked, id=5788, stack(0x000000001a2d0000,0x000000001a3d0000)]
  0x000000001922f000 JavaThread "Signal Dispatcher" daemon [_thread_blocked, id=1176, stack(0x000000001a1d0000,0x000000001a2d0000)]
  0x000000001922e800 JavaThread "Surrogate Locker Thread (Concurrent GC)" daemon [_thread_blocked, id=9716, stack(0x000000001a0d0000,0x000000001a1d0000)]
  0x00000000191c4000 JavaThread "Finalizer" daemon [_thread_blocked, id=9492, stack(0x0000000019ed0000,0x0000000019fd0000)]
  0x00000000191bb800 JavaThread "Reference Handler" daemon [_thread_blocked, id=7348, stack(0x0000000019dd0000,0x0000000019ed0000)]
  0x000000000115e000 JavaThread "main" [_thread_in_native, id=6840, stack(0x0000000002af0000,0x0000000002bf0000)]

Other Threads:
  0x00000000191b6800 VMThread [stack: 0x0000000019cd0000,0x0000000019dd0000] [id=6088]
  0x00000000192da000 WatcherThread [stack: 0x000000001a9d0000,0x000000001aad0000] [id=2568]

VM state:not at safepoint (normal execution)

VM Mutex/Monitor currently owned by a thread: None

Heap:
 garbage-first heap   total 131072K, used 56097K [0x00000000c0000000, 0x00000000c0100400, 0x0000000100000000)
  region size 1024K, 42 young (43008K), 10 survivors (10240K)
 Metaspace       used 30756K, capacity 32654K, committed 32768K, reserved 1077248K
  class space    used 3373K, capacity 4009K, committed 4096K, reserved 1048576K

Heap Regions: (Y=young(eden), SU=young(survivor), HS=humongous(starts), HC=humongous(continues), CS=collection set, F=free, TS=gc time stamp, PTAMS=previous top-at-mark-start, NTAMS=next top-at-mark-start)
AC   0  O    TS     0 PTAMS 0x00000000c0100000 NTAMS 0x00000000c0100000 space 1024K, 100% used [0x00000000c0000000, 0x00000000c0100000)
AC   0  O    TS     0 PTAMS 0x00000000c0200000 NTAMS 0x00000000c0200000 space 1024K, 100% used [0x00000000c0100000, 0x00000000c0200000)
AC   0  O    TS     1 PTAMS 0x00000000c0200000 NTAMS 0x00000000c0200000 space 1024K, 100% used [0x00000000c0200000, 0x00000000c0300000)
AC   0  O    TS     0 PTAMS 0x00000000c0400000 NTAMS 0x00000000c0400000 space 1024K, 100% used [0x00000000c0300000, 0x00000000c0400000)
AC   0  O    TS     0 PTAMS 0x00000000c0500000 NTAMS 0x00000000c0500000 space 1024K, 100% used [0x00000000c0400000, 0x00000000c0500000)
AC   0  O    TS     0 PTAMS 0x00000000c0600000 NTAMS 0x00000000c0600000 space 1024K, 100% used [0x00000000c0500000, 0x00000000c0600000)
AC   0  O    TS     0 PTAMS 0x00000000c0700000 NTAMS 0x00000000c0700000 space 1024K, 100% used [0x00000000c0600000, 0x00000000c0700000)
AC   0  O    TS     0 PTAMS 0x00000000c0800000 NTAMS 0x00000000c0800000 space 1024K, 100% used [0x00000000c0700000, 0x00000000c0800000)
AC   0  O    TS     1 PTAMS 0x00000000c0800000 NTAMS 0x00000000c0800000 space 1024K, 100% used [0x00000000c0800000, 0x00000000c0900000)
AC   0  O    TS     1 PTAMS 0x00000000c0900000 NTAMS 0x00000000c0900000 space 1024K, 100% used [0x00000000c0900000, 0x00000000c0a00000)
AC   0  O    TS     1 PTAMS 0x00000000c0a00000 NTAMS 0x00000000c0a00000 space 1024K, 100% used [0x00000000c0a00000, 0x00000000c0b00000)
AC   0  O    TS     1 PTAMS 0x00000000c0b00000 NTAMS 0x00000000c0b00000 space 1024K, 100% used [0x00000000c0b00000, 0x00000000c0c00000)
AC   0  O    TS     1 PTAMS 0x00000000c0c00000 NTAMS 0x00000000c0c00000 space 1024K, 100% used [0x00000000c0c00000, 0x00000000c0d00000)
AC   0  O    TS     1 PTAMS 0x00000000c0d00000 NTAMS 0x00000000c0d00000 space 1024K,  78% used [0x00000000c0d00000, 0x00000000c0e00000)
AC   0  F    TS     0 PTAMS 0x00000000c0e00000 NTAMS 0x00000000c0e00000 space 1024K,   0% used [0x00000000c0e00000, 0x00000000c0f00000)
AC   0  F    TS     0 PTAMS 0x00000000c0f00000 NTAMS 0x00000000c0f00000 space 1024K,   0% used [0x00000000c0f00000, 0x00000000c1000000)
AC   0  F    TS     0 PTAMS 0x00000000c1000000 NTAMS 0x00000000c1000000 space 1024K,   0% used [0x00000000c1000000, 0x00000000c1100000)
AC   0  F    TS     0 PTAMS 0x00000000c1100000 NTAMS 0x00000000c1100000 space 1024K,   0% used [0x00000000c1100000, 0x00000000c1200000)
AC   0  F    TS     0 PTAMS 0x00000000c1200000 NTAMS 0x00000000c1200000 space 1024K,   0% used [0x00000000c1200000, 0x00000000c1300000)
AC   0  F    TS     0 PTAMS 0x00000000c1300000 NTAMS 0x00000000c1300000 space 1024K,   0% used [0x00000000c1300000, 0x00000000c1400000)
AC   0  F    TS     0 PTAMS 0x00000000c1400000 NTAMS 0x00000000c1400000 space 1024K,   0% used [0x00000000c1400000, 0x00000000c1500000)
AC   0  F    TS     0 PTAMS 0x00000000c1500000 NTAMS 0x00000000c1500000 space 1024K,   0% used [0x00000000c1500000, 0x00000000c1600000)
AC   0  F    TS     0 PTAMS 0x00000000c1600000 NTAMS 0x00000000c1600000 space 1024K,   0% used [0x00000000c1600000, 0x00000000c1700000)
AC   0  F    TS     0 PTAMS 0x00000000c1700000 NTAMS 0x00000000c1700000 space 1024K,   0% used [0x00000000c1700000, 0x00000000c1800000)
AC   0  F    TS     0 PTAMS 0x00000000c1800000 NTAMS 0x00000000c1800000 space 1024K,   0% used [0x00000000c1800000, 0x00000000c1900000)
AC   0  F    TS     0 PTAMS 0x00000000c1900000 NTAMS 0x00000000c1900000 space 1024K,   0% used [0x00000000c1900000, 0x00000000c1a00000)
AC   0  F    TS     0 PTAMS 0x00000000c1a00000 NTAMS 0x00000000c1a00000 space 1024K,   0% used [0x00000000c1a00000, 0x00000000c1b00000)
AC   0  F    TS     0 PTAMS 0x00000000c1b00000 NTAMS 0x00000000c1b00000 space 1024K,   0% used [0x00000000c1b00000, 0x00000000c1c00000)
AC   0  F    TS     0 PTAMS 0x00000000c1c00000 NTAMS 0x00000000c1c00000 space 1024K,   0% used [0x00000000c1c00000, 0x00000000c1d00000)
AC   0  F    TS     0 PTAMS 0x00000000c1d00000 NTAMS 0x00000000c1d00000 space 1024K,   0% used [0x00000000c1d00000, 0x00000000c1e00000)
AC   0  F    TS     0 PTAMS 0x00000000c1e00000 NTAMS 0x00000000c1e00000 space 1024K,   0% used [0x00000000c1e00000, 0x00000000c1f00000)
AC   0  F    TS     0 PTAMS 0x00000000c1f00000 NTAMS 0x00000000c1f00000 space 1024K,   0% used [0x00000000c1f00000, 0x00000000c2000000)
AC   0  F    TS     0 PTAMS 0x00000000c2000000 NTAMS 0x00000000c2000000 space 1024K,   0% used [0x00000000c2000000, 0x00000000c2100000)
AC   0  F    TS     0 PTAMS 0x00000000c2100000 NTAMS 0x00000000c2100000 space 1024K,   0% used [0x00000000c2100000, 0x00000000c2200000)
AC   0  F    TS     0 PTAMS 0x00000000c2200000 NTAMS 0x00000000c2200000 space 1024K,   0% used [0x00000000c2200000, 0x00000000c2300000)
AC   0  F    TS     0 PTAMS 0x00000000c2300000 NTAMS 0x00000000c2300000 space 1024K,   0% used [0x00000000c2300000, 0x00000000c2400000)
AC   0  F    TS     0 PTAMS 0x00000000c2400000 NTAMS 0x00000000c2400000 space 1024K,   0% used [0x00000000c2400000, 0x00000000c2500000)
AC   0  F    TS     0 PTAMS 0x00000000c2500000 NTAMS 0x00000000c2500000 space 1024K,   0% used [0x00000000c2500000, 0x00000000c2600000)
AC   0  F    TS     0 PTAMS 0x00000000c2600000 NTAMS 0x00000000c2600000 space 1024K,   0% used [0x00000000c2600000, 0x00000000c2700000)
AC   0  F    TS     0 PTAMS 0x00000000c2700000 NTAMS 0x00000000c2700000 space 1024K,   0% used [0x00000000c2700000, 0x00000000c2800000)
AC   0  F    TS     0 PTAMS 0x00000000c2800000 NTAMS 0x00000000c2800000 space 1024K,   0% used [0x00000000c2800000, 0x00000000c2900000)
AC   0  F    TS     0 PTAMS 0x00000000c2900000 NTAMS 0x00000000c2900000 space 1024K,   0% used [0x00000000c2900000, 0x00000000c2a00000)
AC   0  S CS TS     1 PTAMS 0x00000000c2a00000 NTAMS 0x00000000c2a00000 space 1024K, 100% used [0x00000000c2a00000, 0x00000000c2b00000)
AC   0  S CS TS     1 PTAMS 0x00000000c2b00000 NTAMS 0x00000000c2b00000 space 1024K, 100% used [0x00000000c2b00000, 0x00000000c2c00000)
AC   0  S CS TS     1 PTAMS 0x00000000c2c00000 NTAMS 0x00000000c2c00000 space 1024K, 100% used [0x00000000c2c00000, 0x00000000c2d00000)
AC   0  S CS TS     1 PTAMS 0x00000000c2d00000 NTAMS 0x00000000c2d00000 space 1024K, 100% used [0x00000000c2d00000, 0x00000000c2e00000)
AC   0  S CS TS     1 PTAMS 0x00000000c2e00000 NTAMS 0x00000000c2e00000 space 1024K, 100% used [0x00000000c2e00000, 0x00000000c2f00000)
AC   0  S CS TS     1 PTAMS 0x00000000c2f00000 NTAMS 0x00000000c2f00000 space 1024K, 100% used [0x00000000c2f00000, 0x00000000c3000000)
AC   0  S CS TS     1 PTAMS 0x00000000c3000000 NTAMS 0x00000000c3000000 space 1024K, 100% used [0x00000000c3000000, 0x00000000c3100000)
AC   0  S CS TS     1 PTAMS 0x00000000c3100000 NTAMS 0x00000000c3100000 space 1024K, 100% used [0x00000000c3100000, 0x00000000c3200000)
AC   0  S CS TS     1 PTAMS 0x00000000c3200000 NTAMS 0x00000000c3200000 space 1024K, 100% used [0x00000000c3200000, 0x00000000c3300000)
AC   0  S CS TS     1 PTAMS 0x00000000c3300000 NTAMS 0x00000000c3300000 space 1024K, 100% used [0x00000000c3300000, 0x00000000c3400000)
AC   0  F    TS     0 PTAMS 0x00000000c3400000 NTAMS 0x00000000c3400000 space 1024K,   0% used [0x00000000c3400000, 0x00000000c3500000)
AC   0  F    TS     0 PTAMS 0x00000000c3500000 NTAMS 0x00000000c3500000 space 1024K,   0% used [0x00000000c3500000, 0x00000000c3600000)
AC   0  F    TS     0 PTAMS 0x00000000c3600000 NTAMS 0x00000000c3600000 space 1024K,   0% used [0x00000000c3600000, 0x00000000c3700000)
AC   0  F    TS     0 PTAMS 0x00000000c3700000 NTAMS 0x00000000c3700000 space 1024K,   0% used [0x00000000c3700000, 0x00000000c3800000)
AC   0  F    TS     0 PTAMS 0x00000000c3800000 NTAMS 0x00000000c3800000 space 1024K,   0% used [0x00000000c3800000, 0x00000000c3900000)
AC   0  F    TS     0 PTAMS 0x00000000c3900000 NTAMS 0x00000000c3900000 space 1024K,   0% used [0x00000000c3900000, 0x00000000c3a00000)
AC   0  F    TS     0 PTAMS 0x00000000c3a00000 NTAMS 0x00000000c3a00000 space 1024K,   0% used [0x00000000c3a00000, 0x00000000c3b00000)
AC   0  F    TS     0 PTAMS 0x00000000c3b00000 NTAMS 0x00000000c3b00000 space 1024K,   0% used [0x00000000c3b00000, 0x00000000c3c00000)
AC   0  F    TS     0 PTAMS 0x00000000c3c00000 NTAMS 0x00000000c3c00000 space 1024K,   0% used [0x00000000c3c00000, 0x00000000c3d00000)
AC   0  F    TS     0 PTAMS 0x00000000c3d00000 NTAMS 0x00000000c3d00000 space 1024K,   0% used [0x00000000c3d00000, 0x00000000c3e00000)
AC   0  F    TS     0 PTAMS 0x00000000c3e00000 NTAMS 0x00000000c3e00000 space 1024K,   0% used [0x00000000c3e00000, 0x00000000c3f00000)
AC   0  F    TS     0 PTAMS 0x00000000c3f00000 NTAMS 0x00000000c3f00000 space 1024K,   0% used [0x00000000c3f00000, 0x00000000c4000000)
AC   0  F    TS     0 PTAMS 0x00000000c4000000 NTAMS 0x00000000c4000000 space 1024K,   0% used [0x00000000c4000000, 0x00000000c4100000)
AC   0  F    TS     0 PTAMS 0x00000000c4100000 NTAMS 0x00000000c4100000 space 1024K,   0% used [0x00000000c4100000, 0x00000000c4200000)
AC   0  F    TS     0 PTAMS 0x00000000c4200000 NTAMS 0x00000000c4200000 space 1024K,   0% used [0x00000000c4200000, 0x00000000c4300000)
AC   0  F    TS     0 PTAMS 0x00000000c4300000 NTAMS 0x00000000c4300000 space 1024K,   0% used [0x00000000c4300000, 0x00000000c4400000)
AC   0  F    TS     0 PTAMS 0x00000000c4400000 NTAMS 0x00000000c4400000 space 1024K,   0% used [0x00000000c4400000, 0x00000000c4500000)
AC   0  F    TS     0 PTAMS 0x00000000c4500000 NTAMS 0x00000000c4500000 space 1024K,   0% used [0x00000000c4500000, 0x00000000c4600000)
AC   0  F    TS     0 PTAMS 0x00000000c4600000 NTAMS 0x00000000c4600000 space 1024K,   0% used [0x00000000c4600000, 0x00000000c4700000)
AC   0  F    TS     0 PTAMS 0x00000000c4700000 NTAMS 0x00000000c4700000 space 1024K,   0% used [0x00000000c4700000, 0x00000000c4800000)
AC   0  F    TS     0 PTAMS 0x00000000c4800000 NTAMS 0x00000000c4800000 space 1024K,   0% used [0x00000000c4800000, 0x00000000c4900000)
AC   0  F    TS     0 PTAMS 0x00000000c4900000 NTAMS 0x00000000c4900000 space 1024K,   0% used [0x00000000c4900000, 0x00000000c4a00000)
AC   0  F    TS     0 PTAMS 0x00000000c4a00000 NTAMS 0x00000000c4a00000 space 1024K,   0% used [0x00000000c4a00000, 0x00000000c4b00000)
AC   0  F    TS     0 PTAMS 0x00000000c4b00000 NTAMS 0x00000000c4b00000 space 1024K,   0% used [0x00000000c4b00000, 0x00000000c4c00000)
AC   0  F    TS     0 PTAMS 0x00000000c4c00000 NTAMS 0x00000000c4c00000 space 1024K,   0% used [0x00000000c4c00000, 0x00000000c4d00000)
AC   0  F    TS     0 PTAMS 0x00000000c4d00000 NTAMS 0x00000000c4d00000 space 1024K,   0% used [0x00000000c4d00000, 0x00000000c4e00000)
AC   0  F    TS     0 PTAMS 0x00000000c4e00000 NTAMS 0x00000000c4e00000 space 1024K,   0% used [0x00000000c4e00000, 0x00000000c4f00000)
AC   0  F    TS     0 PTAMS 0x00000000c4f00000 NTAMS 0x00000000c4f00000 space 1024K,   0% used [0x00000000c4f00000, 0x00000000c5000000)
AC   0  F    TS     0 PTAMS 0x00000000c5000000 NTAMS 0x00000000c5000000 space 1024K,   0% used [0x00000000c5000000, 0x00000000c5100000)
AC   0  F    TS     0 PTAMS 0x00000000c5100000 NTAMS 0x00000000c5100000 space 1024K,   0% used [0x00000000c5100000, 0x00000000c5200000)
AC   0  F    TS     0 PTAMS 0x00000000c5200000 NTAMS 0x00000000c5200000 space 1024K,   0% used [0x00000000c5200000, 0x00000000c5300000)
AC   0  F    TS     0 PTAMS 0x00000000c5300000 NTAMS 0x00000000c5300000 space 1024K,   0% used [0x00000000c5300000, 0x00000000c5400000)
AC   0  F    TS     0 PTAMS 0x00000000c5400000 NTAMS 0x00000000c5400000 space 1024K,   0% used [0x00000000c5400000, 0x00000000c5500000)
AC   0  F    TS     0 PTAMS 0x00000000c5500000 NTAMS 0x00000000c5500000 space 1024K,   0% used [0x00000000c5500000, 0x00000000c5600000)
AC   0  F    TS     0 PTAMS 0x00000000c5600000 NTAMS 0x00000000c5600000 space 1024K,   0% used [0x00000000c5600000, 0x00000000c5700000)
AC   0  F    TS     0 PTAMS 0x00000000c5700000 NTAMS 0x00000000c5700000 space 1024K,   0% used [0x00000000c5700000, 0x00000000c5800000)
AC   0  F    TS     0 PTAMS 0x00000000c5800000 NTAMS 0x00000000c5800000 space 1024K,   0% used [0x00000000c5800000, 0x00000000c5900000)
AC   0  F    TS     0 PTAMS 0x00000000c5900000 NTAMS 0x00000000c5900000 space 1024K,   0% used [0x00000000c5900000, 0x00000000c5a00000)
AC   0  F    TS     0 PTAMS 0x00000000c5a00000 NTAMS 0x00000000c5a00000 space 1024K,   0% used [0x00000000c5a00000, 0x00000000c5b00000)
AC   0  F    TS     0 PTAMS 0x00000000c5b00000 NTAMS 0x00000000c5b00000 space 1024K,   0% used [0x00000000c5b00000, 0x00000000c5c00000)
AC   0  F    TS     0 PTAMS 0x00000000c5c00000 NTAMS 0x00000000c5c00000 space 1024K,   0% used [0x00000000c5c00000, 0x00000000c5d00000)
AC   0  F    TS     0 PTAMS 0x00000000c5d00000 NTAMS 0x00000000c5d00000 space 1024K,   0% used [0x00000000c5d00000, 0x00000000c5e00000)
AC   0  F    TS     0 PTAMS 0x00000000c5e00000 NTAMS 0x00000000c5e00000 space 1024K,   0% used [0x00000000c5e00000, 0x00000000c5f00000)
AC   0  F    TS     0 PTAMS 0x00000000c5f00000 NTAMS 0x00000000c5f00000 space 1024K,   0% used [0x00000000c5f00000, 0x00000000c6000000)
AC   0  E    TS     0 PTAMS 0x00000000c6000000 NTAMS 0x00000000c6000000 space 1024K,  23% used [0x00000000c6000000, 0x00000000c6100000)
AC   0  E CS TS     0 PTAMS 0x00000000c6100000 NTAMS 0x00000000c6100000 space 1024K, 100% used [0x00000000c6100000, 0x00000000c6200000)
AC   0  E CS TS     0 PTAMS 0x00000000c6200000 NTAMS 0x00000000c6200000 space 1024K, 100% used [0x00000000c6200000, 0x00000000c6300000)
AC   0  E CS TS     0 PTAMS 0x00000000c6300000 NTAMS 0x00000000c6300000 space 1024K, 100% used [0x00000000c6300000, 0x00000000c6400000)
AC   0  E CS TS     0 PTAMS 0x00000000c6400000 NTAMS 0x00000000c6400000 space 1024K, 100% used [0x00000000c6400000, 0x00000000c6500000)
AC   0  E CS TS     0 PTAMS 0x00000000c6500000 NTAMS 0x00000000c6500000 space 1024K, 100% used [0x00000000c6500000, 0x00000000c6600000)
AC   0  E CS TS     0 PTAMS 0x00000000c6600000 NTAMS 0x00000000c6600000 space 1024K, 100% used [0x00000000c6600000, 0x00000000c6700000)
AC   0  E CS TS     0 PTAMS 0x00000000c6700000 NTAMS 0x00000000c6700000 space 1024K, 100% used [0x00000000c6700000, 0x00000000c6800000)
AC   0  E CS TS     0 PTAMS 0x00000000c6800000 NTAMS 0x00000000c6800000 space 1024K, 100% used [0x00000000c6800000, 0x00000000c6900000)
AC   0  E CS TS     0 PTAMS 0x00000000c6900000 NTAMS 0x00000000c6900000 space 1024K, 100% used [0x00000000c6900000, 0x00000000c6a00000)
AC   0  E CS TS     0 PTAMS 0x00000000c6a00000 NTAMS 0x00000000c6a00000 space 1024K, 100% used [0x00000000c6a00000, 0x00000000c6b00000)
AC   0  E CS TS     0 PTAMS 0x00000000c6b00000 NTAMS 0x00000000c6b00000 space 1024K, 100% used [0x00000000c6b00000, 0x00000000c6c00000)
AC   0  E CS TS     0 PTAMS 0x00000000c6c00000 NTAMS 0x00000000c6c00000 space 1024K, 100% used [0x00000000c6c00000, 0x00000000c6d00000)
AC   0  E CS TS     0 PTAMS 0x00000000c6d00000 NTAMS 0x00000000c6d00000 space 1024K, 100% used [0x00000000c6d00000, 0x00000000c6e00000)
AC   0  E CS TS     0 PTAMS 0x00000000c6e00000 NTAMS 0x00000000c6e00000 space 1024K, 100% used [0x00000000c6e00000, 0x00000000c6f00000)
AC   0  E CS TS     0 PTAMS 0x00000000c6f00000 NTAMS 0x00000000c6f00000 space 1024K, 100% used [0x00000000c6f00000, 0x00000000c7000000)
AC   0  E CS TS     0 PTAMS 0x00000000c7000000 NTAMS 0x00000000c7000000 space 1024K, 100% used [0x00000000c7000000, 0x00000000c7100000)
AC   0  E CS TS     0 PTAMS 0x00000000c7100000 NTAMS 0x00000000c7100000 space 1024K, 100% used [0x00000000c7100000, 0x00000000c7200000)
AC   0  E CS TS     0 PTAMS 0x00000000c7200000 NTAMS 0x00000000c7200000 space 1024K, 100% used [0x00000000c7200000, 0x00000000c7300000)
AC   0  E CS TS     0 PTAMS 0x00000000c7300000 NTAMS 0x00000000c7300000 space 1024K, 100% used [0x00000000c7300000, 0x00000000c7400000)
AC   0  E CS TS     0 PTAMS 0x00000000c7400000 NTAMS 0x00000000c7400000 space 1024K, 100% used [0x00000000c7400000, 0x00000000c7500000)
AC   0  E CS TS     0 PTAMS 0x00000000c7500000 NTAMS 0x00000000c7500000 space 1024K, 100% used [0x00000000c7500000, 0x00000000c7600000)
AC   0  E CS TS     0 PTAMS 0x00000000c7600000 NTAMS 0x00000000c7600000 space 1024K, 100% used [0x00000000c7600000, 0x00000000c7700000)
AC   0  E CS TS     0 PTAMS 0x00000000c7700000 NTAMS 0x00000000c7700000 space 1024K, 100% used [0x00000000c7700000, 0x00000000c7800000)
AC   0  E CS TS     0 PTAMS 0x00000000c7800000 NTAMS 0x00000000c7800000 space 1024K, 100% used [0x00000000c7800000, 0x00000000c7900000)
AC   0  E CS TS     0 PTAMS 0x00000000c7900000 NTAMS 0x00000000c7900000 space 1024K, 100% used [0x00000000c7900000, 0x00000000c7a00000)
AC   0  E CS TS     0 PTAMS 0x00000000c7a00000 NTAMS 0x00000000c7a00000 space 1024K, 100% used [0x00000000c7a00000, 0x00000000c7b00000)
AC   0  E CS TS     0 PTAMS 0x00000000c7b00000 NTAMS 0x00000000c7b00000 space 1024K, 100% used [0x00000000c7b00000, 0x00000000c7c00000)
AC   0  E CS TS     0 PTAMS 0x00000000c7c00000 NTAMS 0x00000000c7c00000 space 1024K, 100% used [0x00000000c7c00000, 0x00000000c7d00000)
AC   0  E CS TS     0 PTAMS 0x00000000c7d00000 NTAMS 0x00000000c7d00000 space 1024K, 100% used [0x00000000c7d00000, 0x00000000c7e00000)
AC   0  E CS TS     0 PTAMS 0x00000000c7e00000 NTAMS 0x00000000c7e00000 space 1024K, 100% used [0x00000000c7e00000, 0x00000000c7f00000)
AC   0  E CS TS     0 PTAMS 0x00000000c7f00000 NTAMS 0x00000000c7f00000 space 1024K, 100% used [0x00000000c7f00000, 0x00000000c8000000)

Card table byte_map: [0x0000000013e30000,0x0000000014030000] byte_map_base: 0x0000000013830000

Marking Bits (Prev, Next): (CMBitMap*) 0x0000000002c40310, (CMBitMap*) 0x0000000002c402b8
 Prev Bits: [0x0000000015230000, 0x0000000016230000)
 Next Bits: [0x0000000014230000, 0x0000000015230000)

Polling page: 0x0000000000b50000

CodeCache: size=245760Kb used=9057Kb max_used=9740Kb free=236702Kb
 bounds [0x0000000002cf0000, 0x00000000036a0000, 0x0000000011cf0000]
 total_blobs=3255 nmethods=2777 adapters=390
 compilation: enabled

Compilation events (10 events):
Event: 39.163 Thread 0x0000000019229800 3278       3       sun.reflect.generics.parser.SignatureParser::parseTypeArgument (133 bytes)
Event: 39.165 Thread 0x0000000019229800 nmethod 3278 0x0000000003005dd0 code [0x00000000030060e0, 0x0000000003007ba8]
Event: 39.169 Thread 0x0000000019223800 3279       4       org.eclipse.osgi.internal.framework.EquinoxContainer::isBootDelegationPackage (72 bytes)
Event: 39.170 Thread 0x0000000019229800 3280       1       java.util.stream.AbstractPipeline::getStreamAndOpFlags (5 bytes)
Event: 39.171 Thread 0x0000000019229800 nmethod 3280 0x0000000002fa7b10 code [0x0000000002fa7c60, 0x0000000002fa7d70]
Event: 39.190 Thread 0x0000000019223800 nmethod 3279 0x0000000003160750 code [0x00000000031608e0, 0x00000000031612d8]
Event: 39.272 Thread 0x0000000019228800 3281       4       java.util.ArrayList::remove (77 bytes)
Event: 39.282 Thread 0x0000000019228800 nmethod 3281 0x0000000003005590 code [0x00000000030056e0, 0x0000000003005b38]
Event: 39.348 Thread 0x0000000019229800 3283       3       org.apache.lucene.util.SmallFloat::byte315ToFloat (25 bytes)
Event: 39.348 Thread 0x0000000019229800 nmethod 3283 0x00000000031603d0 code [0x0000000003160520, 0x00000000031606d0]

GC Heap History (8 events):
Event: 24.387 GC heap before
{Heap before GC invocations=0 (full 0):
 garbage-first heap   total 131072K, used 24576K [0x00000000c0000000, 0x00000000c0100400, 0x0000000100000000)
  region size 1024K, 24 young (24576K), 0 survivors (0K)
 Metaspace       used 9499K, capacity 9746K, committed 9856K, reserved 1058816K
  class space    used 1014K, capacity 1099K, committed 1152K, reserved 1048576K
Event: 24.400 GC heap after
Heap after GC invocations=1 (full 0):
 garbage-first heap   total 131072K, used 6728K [0x00000000c0000000, 0x00000000c0100400, 0x0000000100000000)
  region size 1024K, 3 young (3072K), 3 survivors (3072K)
 Metaspace       used 9499K, capacity 9746K, committed 9856K, reserved 1058816K
  class space    used 1014K, capacity 1099K, committed 1152K, reserved 1048576K
}
Event: 29.758 GC heap before
{Heap before GC invocations=1 (full 0):
 garbage-first heap   total 131072K, used 35400K [0x00000000c0000000, 0x00000000c0100400, 0x0000000100000000)
  region size 1024K, 31 young (31744K), 3 survivors (3072K)
 Metaspace       used 16615K, capacity 17452K, committed 17536K, reserved 1064960K
  class space    used 1633K, capacity 1906K, committed 1920K, reserved 1048576K
Event: 29.779 GC heap after
Heap after GC invocations=2 (full 0):
 garbage-first heap   total 131072K, used 16587K [0x00000000c0000000, 0x00000000c0100400, 0x0000000100000000)
  region size 1024K, 4 young (4096K), 4 survivors (4096K)
 Metaspace       used 16615K, capacity 17452K, committed 17536K, reserved 1064960K
  class space    used 1633K, capacity 1906K, committed 1920K, reserved 1048576K
}
Event: 33.761 GC heap before
{Heap before GC invocations=2 (full 0):
 garbage-first heap   total 131072K, used 41163K [0x00000000c0000000, 0x00000000c0100400, 0x0000000100000000)
  region size 1024K, 29 young (29696K), 4 survivors (4096K)
 Metaspace       used 20141K, capacity 21102K, committed 21248K, reserved 1069056K
  class space    used 2085K, capacity 2448K, committed 2560K, reserved 1048576K
Event: 33.771 GC heap after
Heap after GC invocations=3 (full 0):
 garbage-first heap   total 131072K, used 20960K [0x00000000c0000000, 0x00000000c0100400, 0x0000000100000000)
  region size 1024K, 9 young (9216K), 9 survivors (9216K)
 Metaspace       used 20141K, capacity 21102K, committed 21248K, reserved 1069056K
  class space    used 2085K, capacity 2448K, committed 2560K, reserved 1048576K
}
Event: 36.606 GC heap before
{Heap before GC invocations=4 (full 0):
 garbage-first heap   total 131072K, used 84244K [0x00000000c0000000, 0x00000000c0100400, 0x0000000100000000)
  region size 1024K, 76 young (77824K), 9 survivors (9216K)
 Metaspace       used 26084K, capacity 27360K, committed 27392K, reserved 1073152K
  class space    used 2825K, capacity 3306K, committed 3328K, reserved 1048576K
Event: 36.628 GC heap after
Heap after GC invocations=5 (full 0):
 garbage-first heap   total 131072K, used 24353K [0x00000000c0000000, 0x00000000c0100400, 0x0000000100000000)
  region size 1024K, 10 young (10240K), 10 survivors (10240K)
 Metaspace       used 26084K, capacity 27360K, committed 27392K, reserved 1073152K
  class space    used 2825K, capacity 3306K, committed 3328K, reserved 1048576K
}

Deoptimization events (10 events):
Event: 38.240 Thread 0x000000001ba31800 Uncommon trap: reason=class_check action=maybe_recompile pc=0x00000000033e31c4 method=java.util.AbstractList$Itr.next()Ljava/lang/Object; @ 14
Event: 38.243 Thread 0x000000001ba45800 Uncommon trap: reason=unstable_if action=reinterpret pc=0x0000000003681d28 method=org.eclipse.osgi.internal.loader.ModuleClassLoader.defineClass(Ljava/lang/String;[BLorg/eclipse/osgi/internal/loader/classpath/ClasspathEntry;)Lorg/eclipse/osgi/internal/loa
Event: 38.244 Thread 0x000000001ba31800 Uncommon trap: reason=bimorphic action=maybe_recompile pc=0x000000000324b4d8 method=java.lang.ThreadLocal.get()Ljava/lang/Object; @ 6
Event: 38.245 Thread 0x000000001ba31800 Uncommon trap: reason=unstable_if action=reinterpret pc=0x0000000002fe0e40 method=java.lang.ThreadLocal$ThreadLocalMap.getEntry(Ljava/lang/ThreadLocal;)Ljava/lang/ThreadLocal$ThreadLocalMap$Entry; @ 29
Event: 38.245 Thread 0x000000001ba45800 Uncommon trap: reason=bimorphic action=maybe_recompile pc=0x000000000324b4d8 method=java.lang.ThreadLocal.get()Ljava/lang/Object; @ 6
Event: 38.474 Thread 0x000000000115e000 Uncommon trap: reason=unstable_if action=reinterpret pc=0x0000000002e1a244 method=java.util.Properties$LineReader.readLine()I @ 328
Event: 38.715 Thread 0x000000001ba45800 Uncommon trap: reason=class_check action=maybe_recompile pc=0x000000000355ddac method=java.util.regex.Pattern$7.isSatisfiedBy(I)Z @ 5
Event: 38.715 Thread 0x000000001ba45800 Uncommon trap: reason=class_check action=maybe_recompile pc=0x000000000355ddac method=java.util.regex.Pattern$7.isSatisfiedBy(I)Z @ 5
Event: 38.716 Thread 0x000000001ba45800 Uncommon trap: reason=class_check action=maybe_recompile pc=0x000000000355ddac method=java.util.regex.Pattern$7.isSatisfiedBy(I)Z @ 5
Event: 38.716 Thread 0x000000001ba45800 Uncommon trap: reason=class_check action=maybe_recompile pc=0x000000000355ddac method=java.util.regex.Pattern$7.isSatisfiedBy(I)Z @ 5

Internal exceptions (10 events):
Event: 38.709 Thread 0x000000001ba45800 Exception <a 'java/lang/NullPointerException'> (0x00000000c65e43e8) thrown at [C:\re\workspace\8-2-build-windows-amd64-cygwin\jdk8u111\7883\hotspot\src\share\vm\interpreter\linkResolver.cpp, line 1178]
Event: 38.709 Thread 0x000000001ba45800 Exception <a 'java/lang/NullPointerException'> (0x00000000c65ee598) thrown at [C:\re\workspace\8-2-build-windows-amd64-cygwin\jdk8u111\7883\hotspot\src\share\vm\interpreter\linkResolver.cpp, line 1178]
Event: 38.709 Thread 0x000000001ba45800 Exception <a 'java/lang/NullPointerException'> (0x00000000c65ee7b0) thrown at [C:\re\workspace\8-2-build-windows-amd64-cygwin\jdk8u111\7883\hotspot\src\share\vm\interpreter\linkResolver.cpp, line 1178]
Event: 38.709 Thread 0x000000001ba45800 Exception <a 'java/lang/NullPointerException'> (0x00000000c65ee9c8) thrown at [C:\re\workspace\8-2-build-windows-amd64-cygwin\jdk8u111\7883\hotspot\src\share\vm\interpreter\linkResolver.cpp, line 1178]
Event: 38.721 Thread 0x000000001ba45800 Exception <a 'java/lang/NullPointerException'> (0x00000000c6461ae8) thrown at [C:\re\workspace\8-2-build-windows-amd64-cygwin\jdk8u111\7883\hotspot\src\share\vm\interpreter\linkResolver.cpp, line 1178]
Event: 38.721 Thread 0x000000001ba45800 Exception <a 'java/lang/NullPointerException'> (0x00000000c6461d00) thrown at [C:\re\workspace\8-2-build-windows-amd64-cygwin\jdk8u111\7883\hotspot\src\share\vm\interpreter\linkResolver.cpp, line 1178]
Event: 38.721 Thread 0x000000001ba45800 Exception <a 'java/lang/NullPointerException'> (0x00000000c6461f18) thrown at [C:\re\workspace\8-2-build-windows-amd64-cygwin\jdk8u111\7883\hotspot\src\share\vm\interpreter\linkResolver.cpp, line 1178]
Event: 38.721 Thread 0x000000001ba45800 Exception <a 'java/lang/NullPointerException'> (0x00000000c6462718) thrown at [C:\re\workspace\8-2-build-windows-amd64-cygwin\jdk8u111\7883\hotspot\src\share\vm\interpreter\linkResolver.cpp, line 1178]
Event: 38.721 Thread 0x000000001ba45800 Exception <a 'java/lang/NullPointerException'> (0x00000000c6462930) thrown at [C:\re\workspace\8-2-build-windows-amd64-cygwin\jdk8u111\7883\hotspot\src\share\vm\interpreter\linkResolver.cpp, line 1178]
Event: 38.721 Thread 0x000000001ba45800 Exception <a 'java/lang/NullPointerException'> (0x00000000c6462b48) thrown at [C:\re\workspace\8-2-build-windows-amd64-cygwin\jdk8u111\7883\hotspot\src\share\vm\interpreter\linkResolver.cpp, line 1178]

Events (10 events):
Event: 38.941 loading class sun/reflect/generics/tree/Wildcard
Event: 38.941 loading class sun/reflect/generics/tree/Wildcard done
Event: 38.941 loading class sun/reflect/generics/reflectiveObjects/WildcardTypeImpl
Event: 38.942 loading class sun/reflect/generics/reflectiveObjects/WildcardTypeImpl done
Event: 38.946 loading class org/eclipse/m2e/core/internal/project/registry/MutableProjectRegistry
Event: 38.946 loading class org/eclipse/m2e/core/internal/project/registry/MutableProjectRegistry done
Event: 38.946 loading class org/eclipse/core/resources/IFile
Event: 38.946 loading class org/eclipse/core/resources/IFile done
Event: 38.946 loading class org/eclipse/m2e/core/internal/project/registry/MutableProjectRegistry
Event: 38.946 loading class org/eclipse/m2e/core/internal/project/registry/MutableProjectRegistry done


Dynamic libraries:
0x00007ff7e8330000 - 0x00007ff7e8367000 	C:\Program Files\Java\jdk1.8.0_111\bin\java.exe
0x00007ff80b720000 - 0x00007ff80b910000 	C:\WINDOWS\SYSTEM32\ntdll.dll
0x00007ff809ac0000 - 0x00007ff809b72000 	C:\WINDOWS\System32\KERNEL32.DLL
0x00007ff808850000 - 0x00007ff808af3000 	C:\WINDOWS\System32\KERNELBASE.dll
0x00007ff80adb0000 - 0x00007ff80ae53000 	C:\WINDOWS\System32\ADVAPI32.dll
0x00007ff80aac0000 - 0x00007ff80ab5e000 	C:\WINDOWS\System32\msvcrt.dll
0x00007ff80ab60000 - 0x00007ff80abf7000 	C:\WINDOWS\System32\sechost.dll
0x00007ff80ac90000 - 0x00007ff80adb0000 	C:\WINDOWS\System32\RPCRT4.dll
0x00007ff809800000 - 0x00007ff809994000 	C:\WINDOWS\System32\USER32.dll
0x00007ff8087d0000 - 0x00007ff8087f1000 	C:\WINDOWS\System32\win32u.dll
0x00007ff8097d0000 - 0x00007ff8097f6000 	C:\WINDOWS\System32\GDI32.dll
0x00007ff808c20000 - 0x00007ff808db4000 	C:\WINDOWS\System32\gdi32full.dll
0x00007ff8086b0000 - 0x00007ff80874e000 	C:\WINDOWS\System32\msvcp_win.dll
0x00007ff808b20000 - 0x00007ff808c1a000 	C:\WINDOWS\System32\ucrtbase.dll
0x00007ffff08a0000 - 0x00007ffff0b25000 	C:\WINDOWS\WinSxS\amd64_microsoft.windows.common-controls_6595b64144ccf1df_6.0.18362.418_none_e6c6b287130d565d\COMCTL32.dll
0x00007ff80af10000 - 0x00007ff80b246000 	C:\WINDOWS\System32\combase.dll
0x00007ff808750000 - 0x00007ff8087d0000 	C:\WINDOWS\System32\bcryptPrimitives.dll
0x00007ff80a5f0000 - 0x00007ff80a61e000 	C:\WINDOWS\System32\IMM32.DLL
0x0000000077ec0000 - 0x0000000077f92000 	C:\Program Files\Java\jdk1.8.0_111\jre\bin\msvcr100.dll
0x0000000077620000 - 0x0000000077eba000 	C:\Program Files\Java\jdk1.8.0_111\jre\bin\server\jvm.dll
0x00007ff80a620000 - 0x00007ff80a628000 	C:\WINDOWS\System32\PSAPI.DLL
0x00007ff8030f0000 - 0x00007ff8030f9000 	C:\WINDOWS\SYSTEM32\WSOCK32.dll
0x00007ff801a60000 - 0x00007ff801a6a000 	C:\WINDOWS\SYSTEM32\VERSION.dll
0x00007ff800f50000 - 0x00007ff800f74000 	C:\WINDOWS\SYSTEM32\WINMM.dll
0x00007ff809b80000 - 0x00007ff809bef000 	C:\WINDOWS\System32\WS2_32.dll
0x00007ff800f20000 - 0x00007ff800f4d000 	C:\WINDOWS\SYSTEM32\WINMMBASE.dll
0x00007ff808800000 - 0x00007ff80884a000 	C:\WINDOWS\System32\cfgmgr32.dll
0x0000000050020000 - 0x000000005002f000 	C:\Program Files\Java\jdk1.8.0_111\jre\bin\verify.dll
0x00000000775f0000 - 0x0000000077619000 	C:\Program Files\Java\jdk1.8.0_111\jre\bin\java.dll
0x0000000050000000 - 0x0000000050016000 	C:\Program Files\Java\jdk1.8.0_111\jre\bin\zip.dll
0x00007ff809f00000 - 0x00007ff80a5e5000 	C:\WINDOWS\System32\SHELL32.dll
0x00007ff80ae60000 - 0x00007ff80af09000 	C:\WINDOWS\System32\shcore.dll
0x00007ff808ed0000 - 0x00007ff80964f000 	C:\WINDOWS\System32\windows.storage.dll
0x00007ff808640000 - 0x00007ff80865f000 	C:\WINDOWS\System32\profapi.dll
0x00007ff808660000 - 0x00007ff8086aa000 	C:\WINDOWS\System32\powrprof.dll
0x00007ff8085f0000 - 0x00007ff808600000 	C:\WINDOWS\System32\UMPDC.dll
0x00007ff809bf0000 - 0x00007ff809c42000 	C:\WINDOWS\System32\shlwapi.dll
0x00007ff808600000 - 0x00007ff808611000 	C:\WINDOWS\System32\kernel.appcore.dll
0x00007ff808b00000 - 0x00007ff808b17000 	C:\WINDOWS\System32\cryptsp.dll
0x00007ff8079d0000 - 0x00007ff807a03000 	C:\WINDOWS\system32\rsaenh.dll
0x00007ff809650000 - 0x00007ff809676000 	C:\WINDOWS\System32\bcrypt.dll
0x00007ff808510000 - 0x00007ff808535000 	C:\WINDOWS\SYSTEM32\USERENV.dll
0x00007ff808030000 - 0x00007ff80803c000 	C:\WINDOWS\SYSTEM32\CRYPTBASE.dll
0x00000000775d0000 - 0x00000000775ea000 	C:\Program Files\Java\jdk1.8.0_111\jre\bin\net.dll
0x00007ff807e60000 - 0x00007ff807ec7000 	C:\WINDOWS\system32\mswsock.dll
0x00007ff807b70000 - 0x00007ff807baa000 	C:\WINDOWS\SYSTEM32\IPHLPAPI.DLL
0x00007ff80ac80000 - 0x00007ff80ac88000 	C:\WINDOWS\System32\NSI.dll
0x00007ff801490000 - 0x00007ff8014a6000 	C:\WINDOWS\SYSTEM32\dhcpcsvc6.DLL
0x00007ff801850000 - 0x00007ff80186c000 	C:\WINDOWS\SYSTEM32\dhcpcsvc.DLL
0x00007ff807bb0000 - 0x00007ff807c7a000 	C:\WINDOWS\SYSTEM32\DNSAPI.dll
0x00000000775b0000 - 0x00000000775c1000 	C:\Program Files\Java\jdk1.8.0_111\jre\bin\nio.dll
0x00007ff806420000 - 0x00007ff806449000 	C:\Users\Harshit\.vscode\extensions\redhat.java-0.51.0\server\config_win\org.eclipse.equinox.launcher\org.eclipse.equinox.launcher.win32.win32.x86_64_1.1.1100.v20190907-0426\eclipse_1902.dll

VM Arguments:
jvm_args: -Declipse.application=org.eclipse.jdt.ls.core.id1 -Dosgi.bundles.defaultStartLevel=4 -Declipse.product=org.eclipse.jdt.ls.core.product -Dfile.encoding=utf8 -DwatchParentProcess=false -Xverify:none -Xmx1G -XX:+UseG1GC -XX:+UseStringDeduplication 
java_command: c:\Users\Harshit\.vscode\extensions\redhat.java-0.51.0\server\plugins\org.eclipse.equinox.launcher_1.5.600.v20191014-2022.jar -configuration c:\Users\Harshit\.vscode\extensions\redhat.java-0.51.0\server\config_win -data c:\Users\Harshit\AppData\Roaming\Code\User\workspaceStorage\a0c18af6f2665cea9d538d96be9ff5d9\redhat.java\jdt_ws
java_class_path (initial): c:\Users\Harshit\.vscode\extensions\redhat.java-0.51.0\server\plugins\org.eclipse.equinox.launcher_1.5.600.v20191014-2022.jar
Launcher Type: SUN_STANDARD

Environment Variables:
PATH=C:\ProgramData\Oracle\Java\javapath;C:\Program Files (x86)\Intel\iCLS Client\;C:\Program Files\Intel\iCLS Client\;C:\WINDOWS\system32;C:\WINDOWS;C:\WINDOWS\System32\Wbem;C:\WINDOWS\System32\WindowsPowerShell\v1.0\;C:\Program Files (x86)\Intel\Intel(R) Management Engine Components\DAL;C:\Program Files\Intel\Intel(R) Management Engine Components\DAL;C:\Program Files (x86)\Intel\Intel(R) Management Engine Components\IPT;C:\Program Files\Intel\Intel(R) Management Engine Components\IPT;C:\WINDOWS\System32\OpenSSH\;C:\Program Files\nodejs\;C:\Program Files\Git\cmd;C:\Program Files\Git\mingw64\bin;C:\Program Files\Git\usr\bin;C:\MinGW\bin;C:\MinGW\msys\1.0\bin;C:\Program Files\Java\jdk1.8.0_111\bin;C:\Program Files\Java\jre1.8.0_111\bin;C:\Users\Harshit\AppData\Local\Microsoft\WindowsApps;C:\Users\Harshit\AppData\Roaming\npm;C:\Program Files\MongoDB\Server\4.2\bin;C:\Program Files\heroku\bin;C:\Users\Harshit\AppData\Local\Programs\Microsoft VS Code\bin
USERNAME=Harshit
OS=Windows_NT
PROCESSOR_IDENTIFIER=Intel64 Family 6 Model 142 Stepping 10, GenuineIntel



---------------  S Y S T E M  ---------------

OS: Windows 10.0 , 64 bit Build 18362 (10.0.18362.329)

CPU:total 8 (4 cores per cpu, 2 threads per core) family 6 model 142 stepping 10, cmov, cx8, fxsr, mmx, sse, sse2, sse3, ssse3, sse4.1, sse4.2, popcnt, avx, avx2, aes, clmul, erms, 3dnowpref, lzcnt, ht, tsc, tscinvbit, bmi1, bmi2, adx

Memory: 4k page, physical 8294628k(266688k free), swap 33460452k(7052k free)

vm_info: Java HotSpot(TM) 64-Bit Server VM (25.111-b14) for windows-amd64 JRE (1.8.0_111-b14), built on Sep 22 2016 19:24:05 by "java_re" with MS VC++ 10.0 (VS2010)

time: Sun Oct 20 00:38:06 2019
elapsed time: 39 seconds (0d 0h 0m 39s)

